{"/home/ricardo/cvg-his-v4/packages/modules/attachments/src/index.ts": {"path":"/home/ricardo/cvg-his-v4/packages/modules/attachments/src/index.ts","all":false,"statementMap":{"0":{"start":{"line":1,"column":0},"end":{"line":1,"column":41}},"1":{"start":{"line":2,"column":0},"end":{"line":2,"column":34}},"6":{"start":{"line":7,"column":0},"end":{"line":7,"column":75}},"8":{"start":{"line":9,"column":0},"end":{"line":9,"column":71}},"9":{"start":{"line":10,"column":0},"end":{"line":10,"column":70}},"11":{"start":{"line":12,"column":0},"end":{"line":12,"column":79}},"13":{"start":{"line":14,"column":0},"end":{"line":14,"column":8}},"17":{"start":{"line":18,"column":0},"end":{"line":18,"column":8}},"58":{"start":{"line":59,"column":0},"end":{"line":59,"column":82}},"59":{"start":{"line":60,"column":0},"end":{"line":60,"column":42}},"61":{"start":{"line":62,"column":0},"end":{"line":62,"column":28}},"65":{"start":{"line":66,"column":0},"end":{"line":66,"column":37}},"66":{"start":{"line":67,"column":0},"end":{"line":67,"column":50}},"67":{"start":{"line":68,"column":0},"end":{"line":68,"column":62}},"68":{"start":{"line":69,"column":0},"end":{"line":69,"column":14}},"69":{"start":{"line":70,"column":0},"end":{"line":70,"column":27}},"70":{"start":{"line":71,"column":0},"end":{"line":71,"column":36}},"71":{"start":{"line":72,"column":0},"end":{"line":72,"column":49}},"72":{"start":{"line":73,"column":0},"end":{"line":73,"column":8}},"73":{"start":{"line":74,"column":0},"end":{"line":74,"column":5}},"74":{"start":{"line":75,"column":0},"end":{"line":75,"column":82}},"75":{"start":{"line":76,"column":0},"end":{"line":76,"column":14}},"76":{"start":{"line":77,"column":0},"end":{"line":77,"column":27}},"77":{"start":{"line":78,"column":0},"end":{"line":78,"column":36}},"78":{"start":{"line":79,"column":0},"end":{"line":79,"column":41}},"79":{"start":{"line":80,"column":0},"end":{"line":80,"column":8}},"80":{"start":{"line":81,"column":0},"end":{"line":81,"column":5}},"81":{"start":{"line":82,"column":0},"end":{"line":82,"column":64}},"82":{"start":{"line":83,"column":0},"end":{"line":83,"column":3}},"83":{"start":{"line":84,"column":0},"end":{"line":84,"column":1}},"95":{"start":{"line":96,"column":0},"end":{"line":96,"column":83}},"96":{"start":{"line":97,"column":0},"end":{"line":97,"column":41}},"97":{"start":{"line":98,"column":0},"end":{"line":98,"column":25}},"98":{"start":{"line":99,"column":0},"end":{"line":99,"column":25}},"99":{"start":{"line":100,"column":0},"end":{"line":100,"column":30}},"101":{"start":{"line":102,"column":0},"end":{"line":102,"column":71}},"102":{"start":{"line":103,"column":0},"end":{"line":103,"column":83}},"103":{"start":{"line":104,"column":0},"end":{"line":104,"column":37}},"104":{"start":{"line":105,"column":0},"end":{"line":105,"column":38}},"105":{"start":{"line":106,"column":0},"end":{"line":106,"column":49}},"106":{"start":{"line":107,"column":0},"end":{"line":107,"column":3}},"108":{"start":{"line":109,"column":0},"end":{"line":109,"column":28}},"112":{"start":{"line":113,"column":0},"end":{"line":113,"column":37}},"113":{"start":{"line":114,"column":0},"end":{"line":114,"column":32}},"114":{"start":{"line":115,"column":0},"end":{"line":115,"column":39}},"115":{"start":{"line":116,"column":0},"end":{"line":116,"column":37}},"116":{"start":{"line":117,"column":0},"end":{"line":117,"column":46}},"117":{"start":{"line":118,"column":0},"end":{"line":118,"column":6}},"119":{"start":{"line":120,"column":0},"end":{"line":120,"column":9}},"120":{"start":{"line":121,"column":0},"end":{"line":121,"column":52}},"121":{"start":{"line":122,"column":0},"end":{"line":122,"column":56}},"122":{"start":{"line":123,"column":0},"end":{"line":123,"column":38}},"123":{"start":{"line":124,"column":0},"end":{"line":124,"column":84}},"124":{"start":{"line":125,"column":0},"end":{"line":125,"column":38}},"125":{"start":{"line":126,"column":0},"end":{"line":126,"column":50}},"126":{"start":{"line":127,"column":0},"end":{"line":127,"column":20}},"127":{"start":{"line":128,"column":0},"end":{"line":128,"column":11}},"128":{"start":{"line":129,"column":0},"end":{"line":129,"column":47}},"129":{"start":{"line":130,"column":0},"end":{"line":130,"column":9}},"131":{"start":{"line":132,"column":0},"end":{"line":132,"column":70}},"132":{"start":{"line":133,"column":0},"end":{"line":133,"column":36}},"133":{"start":{"line":134,"column":0},"end":{"line":134,"column":56}},"134":{"start":{"line":135,"column":0},"end":{"line":135,"column":38}},"135":{"start":{"line":136,"column":0},"end":{"line":136,"column":65}},"136":{"start":{"line":137,"column":0},"end":{"line":137,"column":36}},"137":{"start":{"line":138,"column":0},"end":{"line":138,"column":50}},"138":{"start":{"line":139,"column":0},"end":{"line":139,"column":65}},"139":{"start":{"line":140,"column":0},"end":{"line":140,"column":11}},"141":{"start":{"line":142,"column":0},"end":{"line":142,"column":58}},"142":{"start":{"line":143,"column":0},"end":{"line":143,"column":38}},"143":{"start":{"line":144,"column":0},"end":{"line":144,"column":82}},"144":{"start":{"line":145,"column":0},"end":{"line":145,"column":75}},"145":{"start":{"line":146,"column":0},"end":{"line":146,"column":45}},"146":{"start":{"line":147,"column":0},"end":{"line":147,"column":46}},"147":{"start":{"line":148,"column":0},"end":{"line":148,"column":29}},"148":{"start":{"line":149,"column":0},"end":{"line":149,"column":30}},"149":{"start":{"line":150,"column":0},"end":{"line":150,"column":9}},"150":{"start":{"line":151,"column":0},"end":{"line":151,"column":38}},"151":{"start":{"line":152,"column":0},"end":{"line":152,"column":21}},"152":{"start":{"line":153,"column":0},"end":{"line":153,"column":9}},"153":{"start":{"line":154,"column":0},"end":{"line":154,"column":35}},"154":{"start":{"line":155,"column":0},"end":{"line":155,"column":11}},"155":{"start":{"line":156,"column":0},"end":{"line":156,"column":31}},"156":{"start":{"line":157,"column":0},"end":{"line":157,"column":31}},"157":{"start":{"line":158,"column":0},"end":{"line":158,"column":41}},"158":{"start":{"line":159,"column":0},"end":{"line":159,"column":11}},"159":{"start":{"line":160,"column":0},"end":{"line":160,"column":29}},"160":{"start":{"line":161,"column":0},"end":{"line":161,"column":55}},"161":{"start":{"line":162,"column":0},"end":{"line":162,"column":20}},"162":{"start":{"line":163,"column":0},"end":{"line":163,"column":98}},"163":{"start":{"line":164,"column":0},"end":{"line":164,"column":17}},"164":{"start":{"line":165,"column":0},"end":{"line":165,"column":15}},"165":{"start":{"line":166,"column":0},"end":{"line":166,"column":20}},"166":{"start":{"line":167,"column":0},"end":{"line":167,"column":5}},"167":{"start":{"line":168,"column":0},"end":{"line":168,"column":3}},"168":{"start":{"line":169,"column":0},"end":{"line":169,"column":1}},"170":{"start":{"line":171,"column":0},"end":{"line":171,"column":53}},"171":{"start":{"line":172,"column":0},"end":{"line":172,"column":36}},"172":{"start":{"line":173,"column":0},"end":{"line":173,"column":14}},"173":{"start":{"line":174,"column":0},"end":{"line":174,"column":26}},"174":{"start":{"line":175,"column":0},"end":{"line":175,"column":27}},"175":{"start":{"line":176,"column":0},"end":{"line":176,"column":20}},"176":{"start":{"line":177,"column":0},"end":{"line":177,"column":33}},"177":{"start":{"line":178,"column":0},"end":{"line":178,"column":3}},"179":{"start":{"line":180,"column":0},"end":{"line":180,"column":48}},"181":{"start":{"line":182,"column":0},"end":{"line":182,"column":78}},"182":{"start":{"line":183,"column":0},"end":{"line":183,"column":34}},"183":{"start":{"line":184,"column":0},"end":{"line":184,"column":47}},"184":{"start":{"line":185,"column":0},"end":{"line":185,"column":90}},"185":{"start":{"line":186,"column":0},"end":{"line":186,"column":3}},"186":{"start":{"line":187,"column":0},"end":{"line":187,"column":20}},"187":{"start":{"line":188,"column":0},"end":{"line":188,"column":1}},"189":{"start":{"line":190,"column":0},"end":{"line":190,"column":75}},"190":{"start":{"line":191,"column":0},"end":{"line":191,"column":6}},"191":{"start":{"line":192,"column":0},"end":{"line":192,"column":16}},"192":{"start":{"line":193,"column":0},"end":{"line":193,"column":28}},"193":{"start":{"line":194,"column":0},"end":{"line":194,"column":30}},"194":{"start":{"line":195,"column":0},"end":{"line":195,"column":29}},"195":{"start":{"line":196,"column":0},"end":{"line":196,"column":30}},"196":{"start":{"line":197,"column":0},"end":{"line":197,"column":23}},"197":{"start":{"line":198,"column":0},"end":{"line":198,"column":24}},"198":{"start":{"line":199,"column":0},"end":{"line":199,"column":27}},"199":{"start":{"line":200,"column":0},"end":{"line":200,"column":5}},"200":{"start":{"line":201,"column":0},"end":{"line":201,"column":88}},"201":{"start":{"line":202,"column":0},"end":{"line":202,"column":3}},"202":{"start":{"line":203,"column":0},"end":{"line":203,"column":55}},"203":{"start":{"line":204,"column":0},"end":{"line":204,"column":97}},"204":{"start":{"line":205,"column":0},"end":{"line":205,"column":92}},"205":{"start":{"line":206,"column":0},"end":{"line":206,"column":3}},"206":{"start":{"line":207,"column":0},"end":{"line":207,"column":1}},"208":{"start":{"line":209,"column":0},"end":{"line":209,"column":73}},"209":{"start":{"line":210,"column":0},"end":{"line":210,"column":55}},"210":{"start":{"line":211,"column":0},"end":{"line":211,"column":40}},"211":{"start":{"line":212,"column":0},"end":{"line":212,"column":68}},"212":{"start":{"line":213,"column":0},"end":{"line":213,"column":94}},"213":{"start":{"line":214,"column":0},"end":{"line":214,"column":77}},"214":{"start":{"line":215,"column":0},"end":{"line":215,"column":35}},"215":{"start":{"line":216,"column":0},"end":{"line":216,"column":92}},"217":{"start":{"line":218,"column":0},"end":{"line":218,"column":69}},"218":{"start":{"line":219,"column":0},"end":{"line":219,"column":84}},"219":{"start":{"line":220,"column":0},"end":{"line":220,"column":23}},"220":{"start":{"line":221,"column":0},"end":{"line":221,"column":7}},"221":{"start":{"line":222,"column":0},"end":{"line":222,"column":3}},"222":{"start":{"line":223,"column":0},"end":{"line":223,"column":49}},"223":{"start":{"line":224,"column":0},"end":{"line":224,"column":100}},"224":{"start":{"line":225,"column":0},"end":{"line":225,"column":3}},"225":{"start":{"line":226,"column":0},"end":{"line":226,"column":51}},"226":{"start":{"line":227,"column":0},"end":{"line":227,"column":79}},"227":{"start":{"line":228,"column":0},"end":{"line":228,"column":23}},"228":{"start":{"line":229,"column":0},"end":{"line":229,"column":7}},"229":{"start":{"line":230,"column":0},"end":{"line":230,"column":3}},"230":{"start":{"line":231,"column":0},"end":{"line":231,"column":49}},"231":{"start":{"line":232,"column":0},"end":{"line":232,"column":100}},"232":{"start":{"line":233,"column":0},"end":{"line":233,"column":3}},"233":{"start":{"line":234,"column":0},"end":{"line":234,"column":51}},"234":{"start":{"line":235,"column":0},"end":{"line":235,"column":79}},"235":{"start":{"line":236,"column":0},"end":{"line":236,"column":23}},"236":{"start":{"line":237,"column":0},"end":{"line":237,"column":7}},"237":{"start":{"line":238,"column":0},"end":{"line":238,"column":3}},"238":{"start":{"line":239,"column":0},"end":{"line":239,"column":1}},"240":{"start":{"line":241,"column":0},"end":{"line":241,"column":33}},"241":{"start":{"line":242,"column":0},"end":{"line":242,"column":42}},"242":{"start":{"line":243,"column":0},"end":{"line":243,"column":44}},"243":{"start":{"line":244,"column":0},"end":{"line":244,"column":50}},"244":{"start":{"line":245,"column":0},"end":{"line":245,"column":46}},"245":{"start":{"line":246,"column":0},"end":{"line":246,"column":38}},"246":{"start":{"line":247,"column":0},"end":{"line":247,"column":37}},"247":{"start":{"line":248,"column":0},"end":{"line":248,"column":47}},"248":{"start":{"line":249,"column":0},"end":{"line":249,"column":50}},"250":{"start":{"line":251,"column":0},"end":{"line":251,"column":58}},"251":{"start":{"line":252,"column":0},"end":{"line":252,"column":42}},"252":{"start":{"line":253,"column":0},"end":{"line":253,"column":50}},"253":{"start":{"line":254,"column":0},"end":{"line":254,"column":44}},"254":{"start":{"line":255,"column":0},"end":{"line":255,"column":42}},"255":{"start":{"line":256,"column":0},"end":{"line":256,"column":44}},"256":{"start":{"line":257,"column":0},"end":{"line":257,"column":85}},"257":{"start":{"line":258,"column":0},"end":{"line":258,"column":76}},"258":{"start":{"line":259,"column":0},"end":{"line":259,"column":3}},"260":{"start":{"line":261,"column":0},"end":{"line":261,"column":22}},"261":{"start":{"line":262,"column":0},"end":{"line":262,"column":24}},"262":{"start":{"line":263,"column":0},"end":{"line":263,"column":25}},"263":{"start":{"line":264,"column":0},"end":{"line":264,"column":37}},"264":{"start":{"line":265,"column":0},"end":{"line":265,"column":24}},"265":{"start":{"line":266,"column":0},"end":{"line":266,"column":33}},"266":{"start":{"line":267,"column":0},"end":{"line":267,"column":91}},"267":{"start":{"line":268,"column":0},"end":{"line":268,"column":73}},"268":{"start":{"line":269,"column":0},"end":{"line":269,"column":87}},"269":{"start":{"line":270,"column":0},"end":{"line":270,"column":47}},"270":{"start":{"line":271,"column":0},"end":{"line":271,"column":87}},"271":{"start":{"line":272,"column":0},"end":{"line":272,"column":70}},"272":{"start":{"line":273,"column":0},"end":{"line":273,"column":5}},"273":{"start":{"line":274,"column":0},"end":{"line":274,"column":69}},"274":{"start":{"line":275,"column":0},"end":{"line":275,"column":80}},"275":{"start":{"line":276,"column":0},"end":{"line":276,"column":48}},"276":{"start":{"line":277,"column":0},"end":{"line":277,"column":9}},"277":{"start":{"line":278,"column":0},"end":{"line":278,"column":5}},"278":{"start":{"line":279,"column":0},"end":{"line":279,"column":22}},"279":{"start":{"line":280,"column":0},"end":{"line":280,"column":51}},"280":{"start":{"line":281,"column":0},"end":{"line":281,"column":5}},"282":{"start":{"line":283,"column":0},"end":{"line":283,"column":28}},"283":{"start":{"line":284,"column":0},"end":{"line":284,"column":78}},"284":{"start":{"line":285,"column":0},"end":{"line":285,"column":9}},"285":{"start":{"line":286,"column":0},"end":{"line":286,"column":41}},"286":{"start":{"line":287,"column":0},"end":{"line":287,"column":37}},"287":{"start":{"line":288,"column":0},"end":{"line":288,"column":47}},"288":{"start":{"line":289,"column":0},"end":{"line":289,"column":10}},"289":{"start":{"line":290,"column":0},"end":{"line":290,"column":37}},"290":{"start":{"line":291,"column":0},"end":{"line":291,"column":76}},"291":{"start":{"line":292,"column":0},"end":{"line":292,"column":32}},"292":{"start":{"line":293,"column":0},"end":{"line":293,"column":27}},"293":{"start":{"line":294,"column":0},"end":{"line":294,"column":9}},"294":{"start":{"line":295,"column":0},"end":{"line":295,"column":5}},"296":{"start":{"line":297,"column":0},"end":{"line":297,"column":35}},"297":{"start":{"line":298,"column":0},"end":{"line":298,"column":51}},"298":{"start":{"line":299,"column":0},"end":{"line":299,"column":87}},"299":{"start":{"line":300,"column":0},"end":{"line":300,"column":32}},"300":{"start":{"line":301,"column":0},"end":{"line":301,"column":63}},"301":{"start":{"line":302,"column":0},"end":{"line":302,"column":25}},"302":{"start":{"line":303,"column":0},"end":{"line":303,"column":92}},"303":{"start":{"line":304,"column":0},"end":{"line":304,"column":31}},"304":{"start":{"line":305,"column":0},"end":{"line":305,"column":65}},"305":{"start":{"line":306,"column":0},"end":{"line":306,"column":99}},"306":{"start":{"line":307,"column":0},"end":{"line":307,"column":12}},"307":{"start":{"line":308,"column":0},"end":{"line":308,"column":65}},"308":{"start":{"line":309,"column":0},"end":{"line":309,"column":50}},"309":{"start":{"line":310,"column":0},"end":{"line":310,"column":9}},"310":{"start":{"line":311,"column":0},"end":{"line":311,"column":5}},"312":{"start":{"line":313,"column":0},"end":{"line":313,"column":40}},"313":{"start":{"line":314,"column":0},"end":{"line":314,"column":62}},"314":{"start":{"line":315,"column":0},"end":{"line":315,"column":51}},"315":{"start":{"line":316,"column":0},"end":{"line":316,"column":22}},"316":{"start":{"line":317,"column":0},"end":{"line":317,"column":9}},"317":{"start":{"line":318,"column":0},"end":{"line":318,"column":5}},"319":{"start":{"line":320,"column":0},"end":{"line":320,"column":27}},"320":{"start":{"line":321,"column":0},"end":{"line":321,"column":25}},"321":{"start":{"line":322,"column":0},"end":{"line":322,"column":38}},"323":{"start":{"line":324,"column":0},"end":{"line":324,"column":43}},"324":{"start":{"line":325,"column":0},"end":{"line":325,"column":51}},"325":{"start":{"line":326,"column":0},"end":{"line":326,"column":18}},"326":{"start":{"line":327,"column":0},"end":{"line":327,"column":23}},"327":{"start":{"line":328,"column":0},"end":{"line":328,"column":25}},"328":{"start":{"line":329,"column":0},"end":{"line":329,"column":19}},"329":{"start":{"line":330,"column":0},"end":{"line":330,"column":8}},"330":{"start":{"line":331,"column":0},"end":{"line":331,"column":68}},"331":{"start":{"line":332,"column":0},"end":{"line":332,"column":88}},"332":{"start":{"line":333,"column":0},"end":{"line":333,"column":7}},"333":{"start":{"line":334,"column":0},"end":{"line":334,"column":37}},"334":{"start":{"line":335,"column":0},"end":{"line":335,"column":33}},"335":{"start":{"line":336,"column":0},"end":{"line":336,"column":35}},"337":{"start":{"line":338,"column":0},"end":{"line":338,"column":83}},"338":{"start":{"line":339,"column":0},"end":{"line":339,"column":42}},"339":{"start":{"line":340,"column":0},"end":{"line":340,"column":62}},"340":{"start":{"line":341,"column":0},"end":{"line":341,"column":92}},"341":{"start":{"line":342,"column":0},"end":{"line":342,"column":37}},"342":{"start":{"line":343,"column":0},"end":{"line":343,"column":26}},"343":{"start":{"line":344,"column":0},"end":{"line":344,"column":11}},"344":{"start":{"line":345,"column":0},"end":{"line":345,"column":7}},"345":{"start":{"line":346,"column":0},"end":{"line":346,"column":29}},"346":{"start":{"line":347,"column":0},"end":{"line":347,"column":92}},"347":{"start":{"line":348,"column":0},"end":{"line":348,"column":78}},"348":{"start":{"line":349,"column":0},"end":{"line":349,"column":93}},"349":{"start":{"line":350,"column":0},"end":{"line":350,"column":78}},"350":{"start":{"line":351,"column":0},"end":{"line":351,"column":61}},"351":{"start":{"line":352,"column":0},"end":{"line":352,"column":81}},"352":{"start":{"line":353,"column":0},"end":{"line":353,"column":7}},"353":{"start":{"line":354,"column":0},"end":{"line":354,"column":72}},"354":{"start":{"line":355,"column":0},"end":{"line":355,"column":37}},"356":{"start":{"line":357,"column":0},"end":{"line":357,"column":83}},"357":{"start":{"line":358,"column":0},"end":{"line":358,"column":42}},"358":{"start":{"line":359,"column":0},"end":{"line":359,"column":92}},"359":{"start":{"line":360,"column":0},"end":{"line":360,"column":37}},"360":{"start":{"line":361,"column":0},"end":{"line":361,"column":26}},"361":{"start":{"line":362,"column":0},"end":{"line":362,"column":11}},"362":{"start":{"line":363,"column":0},"end":{"line":363,"column":7}},"363":{"start":{"line":364,"column":0},"end":{"line":364,"column":12}},"364":{"start":{"line":365,"column":0},"end":{"line":365,"column":92}},"365":{"start":{"line":366,"column":0},"end":{"line":366,"column":78}},"366":{"start":{"line":367,"column":0},"end":{"line":367,"column":93}},"367":{"start":{"line":368,"column":0},"end":{"line":368,"column":80}},"368":{"start":{"line":369,"column":0},"end":{"line":369,"column":61}},"369":{"start":{"line":370,"column":0},"end":{"line":370,"column":81}},"370":{"start":{"line":371,"column":0},"end":{"line":371,"column":7}},"371":{"start":{"line":372,"column":0},"end":{"line":372,"column":69}},"372":{"start":{"line":373,"column":0},"end":{"line":373,"column":5}},"374":{"start":{"line":375,"column":0},"end":{"line":375,"column":43}},"375":{"start":{"line":376,"column":0},"end":{"line":376,"column":53}},"376":{"start":{"line":377,"column":0},"end":{"line":377,"column":40}},"377":{"start":{"line":378,"column":0},"end":{"line":378,"column":49}},"378":{"start":{"line":379,"column":0},"end":{"line":379,"column":21}},"379":{"start":{"line":380,"column":0},"end":{"line":380,"column":33}},"380":{"start":{"line":381,"column":0},"end":{"line":381,"column":15}},"381":{"start":{"line":382,"column":0},"end":{"line":382,"column":17}},"382":{"start":{"line":383,"column":0},"end":{"line":383,"column":15}},"383":{"start":{"line":384,"column":0},"end":{"line":384,"column":15}},"384":{"start":{"line":385,"column":0},"end":{"line":385,"column":16}},"385":{"start":{"line":386,"column":0},"end":{"line":386,"column":23}},"386":{"start":{"line":387,"column":0},"end":{"line":387,"column":30}},"387":{"start":{"line":388,"column":0},"end":{"line":388,"column":34}},"388":{"start":{"line":389,"column":0},"end":{"line":389,"column":30}},"389":{"start":{"line":390,"column":0},"end":{"line":390,"column":52}},"390":{"start":{"line":391,"column":0},"end":{"line":391,"column":36}},"391":{"start":{"line":392,"column":0},"end":{"line":392,"column":25}},"392":{"start":{"line":393,"column":0},"end":{"line":393,"column":6}},"394":{"start":{"line":395,"column":0},"end":{"line":395,"column":27}},"395":{"start":{"line":396,"column":0},"end":{"line":396,"column":11}},"396":{"start":{"line":397,"column":0},"end":{"line":397,"column":50}},"397":{"start":{"line":398,"column":0},"end":{"line":398,"column":23}},"398":{"start":{"line":399,"column":0},"end":{"line":399,"column":47}},"399":{"start":{"line":400,"column":0},"end":{"line":400,"column":87}},"400":{"start":{"line":401,"column":0},"end":{"line":401,"column":9}},"401":{"start":{"line":402,"column":0},"end":{"line":402,"column":20}},"402":{"start":{"line":403,"column":0},"end":{"line":403,"column":7}},"403":{"start":{"line":404,"column":0},"end":{"line":404,"column":5}},"405":{"start":{"line":406,"column":0},"end":{"line":406,"column":42}},"407":{"start":{"line":408,"column":0},"end":{"line":408,"column":22}},"408":{"start":{"line":409,"column":0},"end":{"line":409,"column":3}},"410":{"start":{"line":411,"column":0},"end":{"line":411,"column":93}},"411":{"start":{"line":412,"column":0},"end":{"line":412,"column":39}},"412":{"start":{"line":413,"column":0},"end":{"line":413,"column":70}},"413":{"start":{"line":414,"column":0},"end":{"line":414,"column":67}},"414":{"start":{"line":415,"column":0},"end":{"line":415,"column":71}},"415":{"start":{"line":416,"column":0},"end":{"line":416,"column":22}},"416":{"start":{"line":417,"column":0},"end":{"line":417,"column":3}},"418":{"start":{"line":419,"column":0},"end":{"line":419,"column":97}},"419":{"start":{"line":420,"column":0},"end":{"line":420,"column":70}},"420":{"start":{"line":421,"column":0},"end":{"line":421,"column":28}},"421":{"start":{"line":422,"column":0},"end":{"line":422,"column":63}},"422":{"start":{"line":423,"column":0},"end":{"line":423,"column":5}},"423":{"start":{"line":424,"column":0},"end":{"line":424,"column":16}},"424":{"start":{"line":425,"column":0},"end":{"line":425,"column":3}},"426":{"start":{"line":427,"column":0},"end":{"line":427,"column":34}},"427":{"start":{"line":428,"column":0},"end":{"line":428,"column":74}},"428":{"start":{"line":429,"column":0},"end":{"line":429,"column":27}},"429":{"start":{"line":430,"column":0},"end":{"line":430,"column":24}},"430":{"start":{"line":431,"column":0},"end":{"line":431,"column":44}},"431":{"start":{"line":432,"column":0},"end":{"line":432,"column":27}},"432":{"start":{"line":433,"column":0},"end":{"line":433,"column":68}},"433":{"start":{"line":434,"column":0},"end":{"line":434,"column":18}},"434":{"start":{"line":435,"column":0},"end":{"line":435,"column":25}},"435":{"start":{"line":436,"column":0},"end":{"line":436,"column":22}},"436":{"start":{"line":437,"column":0},"end":{"line":437,"column":8}},"437":{"start":{"line":438,"column":0},"end":{"line":438,"column":84}},"438":{"start":{"line":439,"column":0},"end":{"line":439,"column":5}},"439":{"start":{"line":440,"column":0},"end":{"line":440,"column":36}},"440":{"start":{"line":441,"column":0},"end":{"line":441,"column":21}},"441":{"start":{"line":442,"column":0},"end":{"line":442,"column":59}},"442":{"start":{"line":443,"column":0},"end":{"line":443,"column":55}},"443":{"start":{"line":444,"column":0},"end":{"line":444,"column":42}},"444":{"start":{"line":445,"column":0},"end":{"line":445,"column":6}},"445":{"start":{"line":446,"column":0},"end":{"line":446,"column":3}},"446":{"start":{"line":447,"column":0},"end":{"line":447,"column":1}}},"s":{"0":1,"1":1,"6":1,"8":1,"9":1,"11":1,"13":1,"17":1,"58":1,"59":30,"61":30,"65":14,"66":14,"67":14,"68":1,"69":1,"70":1,"71":1,"72":1,"73":1,"74":14,"75":1,"76":1,"77":1,"78":1,"79":1,"80":1,"81":12,"82":14,"83":30,"95":1,"96":1,"97":1,"98":1,"99":1,"101":1,"102":1,"103":1,"104":1,"105":1,"106":1,"108":1,"112":2,"113":2,"114":2,"115":2,"116":2,"117":2,"119":2,"120":2,"121":2,"122":2,"123":2,"124":2,"125":2,"126":2,"127":2,"128":2,"129":2,"131":2,"132":2,"133":2,"134":2,"135":2,"136":2,"137":2,"138":2,"139":2,"141":2,"142":2,"143":2,"144":2,"145":2,"146":2,"147":2,"148":2,"149":2,"150":2,"151":2,"152":2,"153":2,"154":1,"155":1,"156":1,"157":1,"158":1,"159":1,"160":1,"161":0,"162":0,"163":0,"164":2,"165":2,"166":2,"167":2,"168":1,"170":1,"171":1,"172":1,"173":1,"174":1,"175":1,"176":1,"177":1,"179":1,"181":32,"182":32,"183":32,"184":0,"185":0,"186":32,"187":32,"189":42,"190":42,"191":42,"192":42,"193":41,"194":40,"195":38,"196":37,"197":36,"198":35,"199":42,"200":7,"201":7,"202":35,"203":42,"204":5,"205":5,"206":42,"208":15,"209":15,"210":15,"211":37,"212":15,"213":15,"214":15,"215":15,"217":15,"218":0,"219":0,"220":0,"221":0,"222":15,"223":1,"224":1,"225":15,"226":1,"227":1,"228":1,"229":1,"230":15,"231":1,"232":1,"233":15,"234":1,"235":1,"236":1,"237":1,"238":15,"240":1,"241":30,"242":30,"243":30,"244":30,"245":30,"246":30,"247":30,"248":30,"250":30,"251":30,"252":30,"253":30,"254":30,"255":30,"256":30,"257":30,"258":30,"260":30,"261":42,"262":42,"263":42,"264":42,"265":42,"266":42,"267":42,"268":42,"269":42,"270":42,"271":2,"272":2,"273":42,"274":1,"275":1,"276":1,"277":1,"278":42,"279":15,"280":15,"282":23,"283":11,"284":12,"285":12,"286":12,"287":12,"288":12,"289":42,"290":1,"291":1,"292":1,"293":1,"294":1,"296":22,"297":42,"298":6,"299":6,"300":42,"301":12,"302":12,"303":12,"304":16,"305":3,"306":4,"307":1,"308":1,"309":1,"310":1,"312":42,"313":1,"314":1,"315":1,"316":1,"317":1,"319":19,"320":19,"321":19,"323":42,"324":3,"325":3,"326":3,"327":3,"328":3,"329":3,"330":3,"331":1,"332":1,"333":2,"334":2,"335":2,"337":2,"338":3,"339":0,"340":0,"341":0,"342":0,"343":0,"344":0,"345":42,"346":7,"347":7,"348":7,"349":7,"350":7,"351":0,"352":0,"353":7,"354":7,"356":7,"357":7,"358":1,"359":1,"360":1,"361":1,"362":1,"363":16,"364":9,"365":9,"366":9,"367":9,"368":9,"369":0,"370":0,"371":9,"372":9,"374":17,"375":17,"376":17,"377":17,"378":17,"379":17,"380":17,"381":17,"382":17,"383":17,"384":17,"385":17,"386":17,"387":17,"388":17,"389":42,"390":42,"391":42,"392":42,"394":42,"395":3,"396":3,"397":3,"398":2,"399":1,"400":1,"401":2,"402":2,"403":3,"405":15,"407":15,"408":42,"410":30,"411":4,"412":2,"413":2,"414":4,"415":1,"416":4,"418":30,"419":5,"420":5,"421":2,"422":2,"423":1,"424":5,"426":30,"427":6,"428":6,"429":6,"430":6,"431":6,"432":2,"433":2,"434":2,"435":2,"436":2,"437":2,"438":2,"439":4,"440":4,"441":6,"442":4,"443":4,"444":4,"445":6,"446":30},"branchMap":{"0":{"type":"branch","line":59,"loc":{"start":{"line":59,"column":81},"end":{"line":84,"column":1}},"locations":[{"start":{"line":59,"column":81},"end":{"line":84,"column":1}}]},"1":{"type":"branch","line":62,"loc":{"start":{"line":62,"column":2},"end":{"line":83,"column":3}},"locations":[{"start":{"line":62,"column":2},"end":{"line":83,"column":3}}]},"2":{"type":"branch","line":68,"loc":{"start":{"line":68,"column":61},"end":{"line":74,"column":5}},"locations":[{"start":{"line":68,"column":61},"end":{"line":74,"column":5}}]},"3":{"type":"branch","line":74,"loc":{"start":{"line":74,"column":4},"end":{"line":75,"column":46}},"locations":[{"start":{"line":74,"column":4},"end":{"line":75,"column":46}}]},"4":{"type":"branch","line":75,"loc":{"start":{"line":75,"column":41},"end":{"line":75,"column":81}},"locations":[{"start":{"line":75,"column":41},"end":{"line":75,"column":81}}]},"5":{"type":"branch","line":75,"loc":{"start":{"line":75,"column":81},"end":{"line":81,"column":5}},"locations":[{"start":{"line":75,"column":81},"end":{"line":81,"column":5}}]},"6":{"type":"branch","line":81,"loc":{"start":{"line":81,"column":4},"end":{"line":82,"column":64}},"locations":[{"start":{"line":81,"column":4},"end":{"line":82,"column":64}}]},"7":{"type":"branch","line":96,"loc":{"start":{"line":96,"column":82},"end":{"line":169,"column":1}},"locations":[{"start":{"line":96,"column":82},"end":{"line":169,"column":1}}]},"8":{"type":"branch","line":102,"loc":{"start":{"line":102,"column":9},"end":{"line":107,"column":3}},"locations":[{"start":{"line":102,"column":9},"end":{"line":107,"column":3}}]},"9":{"type":"branch","line":103,"loc":{"start":{"line":103,"column":30},"end":{"line":103,"column":83}},"locations":[{"start":{"line":103,"column":30},"end":{"line":103,"column":83}}]},"10":{"type":"branch","line":105,"loc":{"start":{"line":105,"column":25},"end":{"line":105,"column":38}},"locations":[{"start":{"line":105,"column":25},"end":{"line":105,"column":38}}]},"11":{"type":"branch","line":106,"loc":{"start":{"line":106,"column":30},"end":{"line":106,"column":49}},"locations":[{"start":{"line":106,"column":30},"end":{"line":106,"column":49}}]},"12":{"type":"branch","line":109,"loc":{"start":{"line":109,"column":2},"end":{"line":168,"column":3}},"locations":[{"start":{"line":109,"column":2},"end":{"line":168,"column":3}}]},"13":{"type":"branch","line":154,"loc":{"start":{"line":154,"column":34},"end":{"line":159,"column":11}},"locations":[{"start":{"line":154,"column":34},"end":{"line":159,"column":11}}]},"14":{"type":"branch","line":159,"loc":{"start":{"line":159,"column":10},"end":{"line":164,"column":17}},"locations":[{"start":{"line":159,"column":10},"end":{"line":164,"column":17}}]},"15":{"type":"branch","line":161,"loc":{"start":{"line":161,"column":54},"end":{"line":164,"column":17}},"locations":[{"start":{"line":161,"column":54},"end":{"line":164,"column":17}}]},"16":{"type":"branch","line":116,"loc":{"start":{"line":116,"column":24},"end":{"line":118,"column":6}},"locations":[{"start":{"line":116,"column":24},"end":{"line":118,"column":6}}]},"17":{"type":"branch","line":117,"loc":{"start":{"line":117,"column":29},"end":{"line":117,"column":46}},"locations":[{"start":{"line":117,"column":29},"end":{"line":117,"column":46}}]},"18":{"type":"branch","line":121,"loc":{"start":{"line":121,"column":30},"end":{"line":130,"column":7}},"locations":[{"start":{"line":121,"column":30},"end":{"line":130,"column":7}}]},"19":{"type":"branch","line":125,"loc":{"start":{"line":125,"column":31},"end":{"line":128,"column":9}},"locations":[{"start":{"line":125,"column":31},"end":{"line":128,"column":9}}]},"20":{"type":"branch","line":132,"loc":{"start":{"line":132,"column":48},"end":{"line":153,"column":7}},"locations":[{"start":{"line":132,"column":48},"end":{"line":153,"column":7}}]},"21":{"type":"branch","line":136,"loc":{"start":{"line":136,"column":26},"end":{"line":136,"column":63}},"locations":[{"start":{"line":136,"column":26},"end":{"line":136,"column":63}}]},"22":{"type":"branch","line":137,"loc":{"start":{"line":137,"column":29},"end":{"line":140,"column":9}},"locations":[{"start":{"line":137,"column":29},"end":{"line":140,"column":9}}]},"23":{"type":"branch","line":162,"loc":{"start":{"line":162,"column":13},"end":{"line":164,"column":15}},"locations":[{"start":{"line":162,"column":13},"end":{"line":164,"column":15}}]},"24":{"type":"branch","line":182,"loc":{"start":{"line":182,"column":0},"end":{"line":188,"column":1}},"locations":[{"start":{"line":182,"column":0},"end":{"line":188,"column":1}}]},"25":{"type":"branch","line":184,"loc":{"start":{"line":184,"column":46},"end":{"line":186,"column":3}},"locations":[{"start":{"line":184,"column":46},"end":{"line":186,"column":3}}]},"26":{"type":"branch","line":190,"loc":{"start":{"line":190,"column":0},"end":{"line":207,"column":1}},"locations":[{"start":{"line":190,"column":0},"end":{"line":207,"column":1}}]},"27":{"type":"branch","line":193,"loc":{"start":{"line":193,"column":22},"end":{"line":194,"column":30}},"locations":[{"start":{"line":193,"column":22},"end":{"line":194,"column":30}}]},"28":{"type":"branch","line":194,"loc":{"start":{"line":194,"column":26},"end":{"line":195,"column":29}},"locations":[{"start":{"line":194,"column":26},"end":{"line":195,"column":29}}]},"29":{"type":"branch","line":195,"loc":{"start":{"line":195,"column":25},"end":{"line":196,"column":30}},"locations":[{"start":{"line":195,"column":25},"end":{"line":196,"column":30}}]},"30":{"type":"branch","line":196,"loc":{"start":{"line":196,"column":26},"end":{"line":197,"column":23}},"locations":[{"start":{"line":196,"column":26},"end":{"line":197,"column":23}}]},"31":{"type":"branch","line":197,"loc":{"start":{"line":197,"column":17},"end":{"line":198,"column":24}},"locations":[{"start":{"line":197,"column":17},"end":{"line":198,"column":24}}]},"32":{"type":"branch","line":198,"loc":{"start":{"line":198,"column":17},"end":{"line":199,"column":27}},"locations":[{"start":{"line":198,"column":17},"end":{"line":199,"column":27}}]},"33":{"type":"branch","line":200,"loc":{"start":{"line":200,"column":4},"end":{"line":202,"column":3}},"locations":[{"start":{"line":200,"column":4},"end":{"line":202,"column":3}}]},"34":{"type":"branch","line":202,"loc":{"start":{"line":202,"column":2},"end":{"line":204,"column":56}},"locations":[{"start":{"line":202,"column":2},"end":{"line":204,"column":56}}]},"35":{"type":"branch","line":204,"loc":{"start":{"line":204,"column":49},"end":{"line":204,"column":96}},"locations":[{"start":{"line":204,"column":49},"end":{"line":204,"column":96}}]},"36":{"type":"branch","line":204,"loc":{"start":{"line":204,"column":96},"end":{"line":206,"column":3}},"locations":[{"start":{"line":204,"column":96},"end":{"line":206,"column":3}}]},"37":{"type":"branch","line":209,"loc":{"start":{"line":209,"column":0},"end":{"line":239,"column":1}},"locations":[{"start":{"line":209,"column":0},"end":{"line":239,"column":1}}]},"38":{"type":"branch","line":216,"loc":{"start":{"line":216,"column":34},"end":{"line":216,"column":92}},"locations":[{"start":{"line":216,"column":34},"end":{"line":216,"column":92}}]},"39":{"type":"branch","line":218,"loc":{"start":{"line":218,"column":25},"end":{"line":218,"column":68}},"locations":[{"start":{"line":218,"column":25},"end":{"line":218,"column":68}}]},"40":{"type":"branch","line":218,"loc":{"start":{"line":218,"column":68},"end":{"line":222,"column":3}},"locations":[{"start":{"line":218,"column":68},"end":{"line":222,"column":3}}]},"41":{"type":"branch","line":223,"loc":{"start":{"line":223,"column":25},"end":{"line":223,"column":48}},"locations":[{"start":{"line":223,"column":25},"end":{"line":223,"column":48}}]},"42":{"type":"branch","line":223,"loc":{"start":{"line":223,"column":48},"end":{"line":225,"column":3}},"locations":[{"start":{"line":223,"column":48},"end":{"line":225,"column":3}}]},"43":{"type":"branch","line":225,"loc":{"start":{"line":225,"column":2},"end":{"line":226,"column":41}},"locations":[{"start":{"line":225,"column":2},"end":{"line":226,"column":41}}]},"44":{"type":"branch","line":226,"loc":{"start":{"line":226,"column":25},"end":{"line":226,"column":50}},"locations":[{"start":{"line":226,"column":25},"end":{"line":226,"column":50}}]},"45":{"type":"branch","line":226,"loc":{"start":{"line":226,"column":50},"end":{"line":230,"column":3}},"locations":[{"start":{"line":226,"column":50},"end":{"line":230,"column":3}}]},"46":{"type":"branch","line":230,"loc":{"start":{"line":230,"column":2},"end":{"line":231,"column":40}},"locations":[{"start":{"line":230,"column":2},"end":{"line":231,"column":40}}]},"47":{"type":"branch","line":231,"loc":{"start":{"line":231,"column":25},"end":{"line":231,"column":48}},"locations":[{"start":{"line":231,"column":25},"end":{"line":231,"column":48}}]},"48":{"type":"branch","line":231,"loc":{"start":{"line":231,"column":48},"end":{"line":233,"column":3}},"locations":[{"start":{"line":231,"column":48},"end":{"line":233,"column":3}}]},"49":{"type":"branch","line":233,"loc":{"start":{"line":233,"column":2},"end":{"line":234,"column":41}},"locations":[{"start":{"line":233,"column":2},"end":{"line":234,"column":41}}]},"50":{"type":"branch","line":234,"loc":{"start":{"line":234,"column":25},"end":{"line":234,"column":50}},"locations":[{"start":{"line":234,"column":25},"end":{"line":234,"column":50}}]},"51":{"type":"branch","line":234,"loc":{"start":{"line":234,"column":50},"end":{"line":238,"column":3}},"locations":[{"start":{"line":234,"column":50},"end":{"line":238,"column":3}}]},"52":{"type":"branch","line":211,"loc":{"start":{"line":211,"column":21},"end":{"line":212,"column":68}},"locations":[{"start":{"line":211,"column":21},"end":{"line":212,"column":68}}]},"53":{"type":"branch","line":241,"loc":{"start":{"line":241,"column":32},"end":{"line":447,"column":1}},"locations":[{"start":{"line":241,"column":32},"end":{"line":447,"column":1}}]},"54":{"type":"branch","line":251,"loc":{"start":{"line":251,"column":9},"end":{"line":259,"column":3}},"locations":[{"start":{"line":251,"column":9},"end":{"line":259,"column":3}}]},"55":{"type":"branch","line":257,"loc":{"start":{"line":257,"column":37},"end":{"line":257,"column":85}},"locations":[{"start":{"line":257,"column":37},"end":{"line":257,"column":85}}]},"56":{"type":"branch","line":258,"loc":{"start":{"line":258,"column":28},"end":{"line":258,"column":76}},"locations":[{"start":{"line":258,"column":28},"end":{"line":258,"column":76}}]},"57":{"type":"branch","line":261,"loc":{"start":{"line":261,"column":2},"end":{"line":409,"column":3}},"locations":[{"start":{"line":261,"column":2},"end":{"line":409,"column":3}}]},"58":{"type":"branch","line":271,"loc":{"start":{"line":271,"column":34},"end":{"line":271,"column":86}},"locations":[{"start":{"line":271,"column":34},"end":{"line":271,"column":86}}]},"59":{"type":"branch","line":271,"loc":{"start":{"line":271,"column":86},"end":{"line":273,"column":5}},"locations":[{"start":{"line":271,"column":86},"end":{"line":273,"column":5}}]},"60":{"type":"branch","line":273,"loc":{"start":{"line":273,"column":4},"end":{"line":274,"column":23}},"locations":[{"start":{"line":273,"column":4},"end":{"line":274,"column":23}}]},"61":{"type":"branch","line":274,"loc":{"start":{"line":274,"column":8},"end":{"line":274,"column":68}},"locations":[{"start":{"line":274,"column":8},"end":{"line":274,"column":68}}]},"62":{"type":"branch","line":274,"loc":{"start":{"line":274,"column":68},"end":{"line":278,"column":5}},"locations":[{"start":{"line":274,"column":68},"end":{"line":278,"column":5}}]},"63":{"type":"branch","line":278,"loc":{"start":{"line":278,"column":4},"end":{"line":279,"column":21}},"locations":[{"start":{"line":278,"column":4},"end":{"line":279,"column":21}}]},"64":{"type":"branch","line":279,"loc":{"start":{"line":279,"column":21},"end":{"line":281,"column":5}},"locations":[{"start":{"line":279,"column":21},"end":{"line":281,"column":5}}]},"65":{"type":"branch","line":281,"loc":{"start":{"line":281,"column":4},"end":{"line":283,"column":28}},"locations":[{"start":{"line":281,"column":4},"end":{"line":283,"column":28}}]},"66":{"type":"branch","line":283,"loc":{"start":{"line":283,"column":17},"end":{"line":284,"column":78}},"locations":[{"start":{"line":283,"column":17},"end":{"line":284,"column":78}}]},"67":{"type":"branch","line":284,"loc":{"start":{"line":284,"column":77},"end":{"line":289,"column":10}},"locations":[{"start":{"line":284,"column":77},"end":{"line":289,"column":10}}]},"68":{"type":"branch","line":290,"loc":{"start":{"line":290,"column":36},"end":{"line":295,"column":5}},"locations":[{"start":{"line":290,"column":36},"end":{"line":295,"column":5}}]},"69":{"type":"branch","line":295,"loc":{"start":{"line":295,"column":4},"end":{"line":298,"column":50}},"locations":[{"start":{"line":295,"column":4},"end":{"line":298,"column":50}}]},"70":{"type":"branch","line":298,"loc":{"start":{"line":298,"column":50},"end":{"line":301,"column":15}},"locations":[{"start":{"line":298,"column":50},"end":{"line":301,"column":15}}]},"71":{"type":"branch","line":301,"loc":{"start":{"line":301,"column":4},"end":{"line":311,"column":5}},"locations":[{"start":{"line":301,"column":4},"end":{"line":311,"column":5}}]},"72":{"type":"branch","line":301,"loc":{"start":{"line":301,"column":62},"end":{"line":305,"column":15}},"locations":[{"start":{"line":301,"column":62},"end":{"line":305,"column":15}}]},"73":{"type":"branch","line":305,"loc":{"start":{"line":305,"column":4},"end":{"line":311,"column":5}},"locations":[{"start":{"line":305,"column":4},"end":{"line":311,"column":5}}]},"74":{"type":"branch","line":305,"loc":{"start":{"line":305,"column":64},"end":{"line":307,"column":11}},"locations":[{"start":{"line":305,"column":64},"end":{"line":307,"column":11}}]},"75":{"type":"branch","line":307,"loc":{"start":{"line":307,"column":4},"end":{"line":311,"column":5}},"locations":[{"start":{"line":307,"column":4},"end":{"line":311,"column":5}}]},"76":{"type":"branch","line":311,"loc":{"start":{"line":311,"column":4},"end":{"line":313,"column":39}},"locations":[{"start":{"line":311,"column":4},"end":{"line":313,"column":39}}]},"77":{"type":"branch","line":313,"loc":{"start":{"line":313,"column":39},"end":{"line":318,"column":5}},"locations":[{"start":{"line":313,"column":39},"end":{"line":318,"column":5}}]},"78":{"type":"branch","line":318,"loc":{"start":{"line":318,"column":4},"end":{"line":324,"column":23}},"locations":[{"start":{"line":318,"column":4},"end":{"line":324,"column":23}}]},"79":{"type":"branch","line":324,"loc":{"start":{"line":324,"column":8},"end":{"line":324,"column":42}},"locations":[{"start":{"line":324,"column":8},"end":{"line":324,"column":42}}]},"80":{"type":"branch","line":324,"loc":{"start":{"line":324,"column":42},"end":{"line":346,"column":15}},"locations":[{"start":{"line":324,"column":42},"end":{"line":346,"column":15}}]},"81":{"type":"branch","line":331,"loc":{"start":{"line":331,"column":67},"end":{"line":333,"column":7}},"locations":[{"start":{"line":331,"column":67},"end":{"line":333,"column":7}}]},"82":{"type":"branch","line":333,"loc":{"start":{"line":333,"column":6},"end":{"line":339,"column":41}},"locations":[{"start":{"line":333,"column":6},"end":{"line":339,"column":41}}]},"83":{"type":"branch","line":339,"loc":{"start":{"line":339,"column":41},"end":{"line":345,"column":7}},"locations":[{"start":{"line":339,"column":41},"end":{"line":345,"column":7}}]},"84":{"type":"branch","line":346,"loc":{"start":{"line":346,"column":4},"end":{"line":373,"column":5}},"locations":[{"start":{"line":346,"column":4},"end":{"line":373,"column":5}}]},"85":{"type":"branch","line":346,"loc":{"start":{"line":346,"column":28},"end":{"line":364,"column":11}},"locations":[{"start":{"line":346,"column":28},"end":{"line":364,"column":11}}]},"86":{"type":"branch","line":347,"loc":{"start":{"line":347,"column":77},"end":{"line":347,"column":92}},"locations":[{"start":{"line":347,"column":77},"end":{"line":347,"column":92}}]},"87":{"type":"branch","line":351,"loc":{"start":{"line":351,"column":60},"end":{"line":353,"column":7}},"locations":[{"start":{"line":351,"column":60},"end":{"line":353,"column":7}}]},"88":{"type":"branch","line":358,"loc":{"start":{"line":358,"column":41},"end":{"line":363,"column":7}},"locations":[{"start":{"line":358,"column":41},"end":{"line":363,"column":7}}]},"89":{"type":"branch","line":364,"loc":{"start":{"line":364,"column":4},"end":{"line":373,"column":5}},"locations":[{"start":{"line":364,"column":4},"end":{"line":373,"column":5}}]},"90":{"type":"branch","line":365,"loc":{"start":{"line":365,"column":77},"end":{"line":365,"column":92}},"locations":[{"start":{"line":365,"column":77},"end":{"line":365,"column":92}}]},"91":{"type":"branch","line":369,"loc":{"start":{"line":369,"column":60},"end":{"line":371,"column":7}},"locations":[{"start":{"line":369,"column":60},"end":{"line":371,"column":7}}]},"92":{"type":"branch","line":373,"loc":{"start":{"line":373,"column":4},"end":{"line":390,"column":31}},"locations":[{"start":{"line":373,"column":4},"end":{"line":390,"column":31}}]},"93":{"type":"branch","line":390,"loc":{"start":{"line":390,"column":17},"end":{"line":390,"column":42}},"locations":[{"start":{"line":390,"column":17},"end":{"line":390,"column":42}}]},"94":{"type":"branch","line":390,"loc":{"start":{"line":390,"column":38},"end":{"line":390,"column":52}},"locations":[{"start":{"line":390,"column":38},"end":{"line":390,"column":52}}]},"95":{"type":"branch","line":395,"loc":{"start":{"line":395,"column":26},"end":{"line":404,"column":5}},"locations":[{"start":{"line":395,"column":26},"end":{"line":404,"column":5}}]},"96":{"type":"branch","line":397,"loc":{"start":{"line":397,"column":48},"end":{"line":398,"column":15}},"locations":[{"start":{"line":397,"column":48},"end":{"line":398,"column":15}}]},"97":{"type":"branch","line":398,"loc":{"start":{"line":398,"column":6},"end":{"line":403,"column":7}},"locations":[{"start":{"line":398,"column":6},"end":{"line":403,"column":7}}]},"98":{"type":"branch","line":399,"loc":{"start":{"line":399,"column":12},"end":{"line":399,"column":46}},"locations":[{"start":{"line":399,"column":12},"end":{"line":399,"column":46}}]},"99":{"type":"branch","line":399,"loc":{"start":{"line":399,"column":46},"end":{"line":401,"column":9}},"locations":[{"start":{"line":399,"column":46},"end":{"line":401,"column":9}}]},"100":{"type":"branch","line":404,"loc":{"start":{"line":404,"column":4},"end":{"line":408,"column":22}},"locations":[{"start":{"line":404,"column":4},"end":{"line":408,"column":22}}]},"101":{"type":"branch","line":411,"loc":{"start":{"line":411,"column":2},"end":{"line":417,"column":3}},"locations":[{"start":{"line":411,"column":2},"end":{"line":417,"column":3}}]},"102":{"type":"branch","line":412,"loc":{"start":{"line":412,"column":28},"end":{"line":414,"column":67}},"locations":[{"start":{"line":412,"column":28},"end":{"line":414,"column":67}}]},"103":{"type":"branch","line":414,"loc":{"start":{"line":414,"column":56},"end":{"line":414,"column":67}},"locations":[{"start":{"line":414,"column":56},"end":{"line":414,"column":67}}]},"104":{"type":"branch","line":415,"loc":{"start":{"line":415,"column":9},"end":{"line":415,"column":59}},"locations":[{"start":{"line":415,"column":9},"end":{"line":415,"column":59}}]},"105":{"type":"branch","line":415,"loc":{"start":{"line":415,"column":59},"end":{"line":415,"column":71}},"locations":[{"start":{"line":415,"column":59},"end":{"line":415,"column":71}}]},"106":{"type":"branch","line":415,"loc":{"start":{"line":415,"column":66},"end":{"line":416,"column":22}},"locations":[{"start":{"line":415,"column":66},"end":{"line":416,"column":22}}]},"107":{"type":"branch","line":414,"loc":{"start":{"line":414,"column":32},"end":{"line":414,"column":56}},"locations":[{"start":{"line":414,"column":32},"end":{"line":414,"column":56}}]},"108":{"type":"branch","line":419,"loc":{"start":{"line":419,"column":2},"end":{"line":425,"column":3}},"locations":[{"start":{"line":419,"column":2},"end":{"line":425,"column":3}}]},"109":{"type":"branch","line":420,"loc":{"start":{"line":420,"column":58},"end":{"line":420,"column":70}},"locations":[{"start":{"line":420,"column":58},"end":{"line":420,"column":70}}]},"110":{"type":"branch","line":420,"loc":{"start":{"line":420,"column":65},"end":{"line":421,"column":27}},"locations":[{"start":{"line":420,"column":65},"end":{"line":421,"column":27}}]},"111":{"type":"branch","line":421,"loc":{"start":{"line":421,"column":27},"end":{"line":423,"column":5}},"locations":[{"start":{"line":421,"column":27},"end":{"line":423,"column":5}}]},"112":{"type":"branch","line":423,"loc":{"start":{"line":423,"column":4},"end":{"line":424,"column":16}},"locations":[{"start":{"line":423,"column":4},"end":{"line":424,"column":16}}]},"113":{"type":"branch","line":427,"loc":{"start":{"line":427,"column":2},"end":{"line":446,"column":3}},"locations":[{"start":{"line":427,"column":2},"end":{"line":446,"column":3}}]},"114":{"type":"branch","line":432,"loc":{"start":{"line":432,"column":26},"end":{"line":439,"column":5}},"locations":[{"start":{"line":432,"column":26},"end":{"line":439,"column":5}}]},"115":{"type":"branch","line":439,"loc":{"start":{"line":439,"column":4},"end":{"line":445,"column":6}},"locations":[{"start":{"line":439,"column":4},"end":{"line":445,"column":6}}]},"116":{"type":"branch","line":438,"loc":{"start":{"line":438,"column":32},"end":{"line":438,"column":82}},"locations":[{"start":{"line":438,"column":32},"end":{"line":438,"column":82}}]},"117":{"type":"branch","line":441,"loc":{"start":{"line":441,"column":6},"end":{"line":444,"column":42}},"locations":[{"start":{"line":441,"column":6},"end":{"line":444,"column":42}}]},"118":{"type":"branch","line":442,"loc":{"start":{"line":442,"column":40},"end":{"line":443,"column":55}},"locations":[{"start":{"line":442,"column":40},"end":{"line":443,"column":55}}]},"119":{"type":"branch","line":443,"loc":{"start":{"line":443,"column":38},"end":{"line":444,"column":42}},"locations":[{"start":{"line":443,"column":38},"end":{"line":444,"column":42}}]}},"b":{"0":[30],"1":[14],"2":[1],"3":[13],"4":[2],"5":[1],"6":[12],"7":[1],"8":[1],"9":[0],"10":[0],"11":[0],"12":[2],"13":[1],"14":[1],"15":[0],"16":[2],"17":[0],"18":[2],"19":[2],"20":[2],"21":[2],"22":[2],"23":[0],"24":[32],"25":[0],"26":[42],"27":[41],"28":[40],"29":[38],"30":[37],"31":[36],"32":[35],"33":[7],"34":[35],"35":[35],"36":[5],"37":[15],"38":[1],"39":[7],"40":[0],"41":[2],"42":[1],"43":[14],"44":[2],"45":[1],"46":[13],"47":[2],"48":[1],"49":[12],"50":[2],"51":[1],"52":[37],"53":[30],"54":[30],"55":[27],"56":[29],"57":[42],"58":[29],"59":[2],"60":[28],"61":[16],"62":[1],"63":[27],"64":[15],"65":[23],"66":[11],"67":[12],"68":[1],"69":[22],"70":[6],"71":[16],"72":[12],"73":[4],"74":[3],"75":[1],"76":[20],"77":[1],"78":[19],"79":[10],"80":[3],"81":[1],"82":[2],"83":[0],"84":[16],"85":[7],"86":[0],"87":[0],"88":[1],"89":[9],"90":[0],"91":[0],"92":[17],"93":[8],"94":[9],"95":[3],"96":[1],"97":[2],"98":[1],"99":[1],"100":[15],"101":[4],"102":[2],"103":[0],"104":[3],"105":[3],"106":[1],"107":[3],"108":[5],"109":[2],"110":[3],"111":[2],"112":[1],"113":[6],"114":[2],"115":[4],"116":[2],"117":[6],"118":[4],"119":[4]},"fnMap":{"0":{"name":"<instance_members_initializer>","decl":{"start":{"line":59,"column":81},"end":{"line":84,"column":1}},"loc":{"start":{"line":59,"column":81},"end":{"line":84,"column":1}},"line":59},"1":{"name":"scan","decl":{"start":{"line":62,"column":2},"end":{"line":83,"column":3}},"loc":{"start":{"line":62,"column":2},"end":{"line":83,"column":3}},"line":62},"2":{"name":"<instance_members_initializer>","decl":{"start":{"line":96,"column":82},"end":{"line":169,"column":1}},"loc":{"start":{"line":96,"column":82},"end":{"line":169,"column":1}},"line":96},"3":{"name":"ClamAvAttachmentSecurityScanner","decl":{"start":{"line":102,"column":9},"end":{"line":107,"column":3}},"loc":{"start":{"line":102,"column":9},"end":{"line":107,"column":3}},"line":102},"4":{"name":"scan","decl":{"start":{"line":109,"column":2},"end":{"line":168,"column":3}},"loc":{"start":{"line":109,"column":2},"end":{"line":168,"column":3}},"line":109},"5":{"name":"closeSocket","decl":{"start":{"line":116,"column":24},"end":{"line":118,"column":6}},"loc":{"start":{"line":116,"column":24},"end":{"line":118,"column":6}},"line":116},"6":{"name":"chunks","decl":{"start":{"line":121,"column":30},"end":{"line":130,"column":7}},"loc":{"start":{"line":121,"column":30},"end":{"line":130,"column":7}},"line":121},"7":{"name":"onError","decl":{"start":{"line":122,"column":24},"end":{"line":122,"column":56}},"loc":{"start":{"line":122,"column":24},"end":{"line":122,"column":56}},"line":122},"8":{"name":"verdict","decl":{"start":{"line":132,"column":48},"end":{"line":153,"column":7}},"loc":{"start":{"line":132,"column":48},"end":{"line":153,"column":7}},"line":132},"9":{"name":"onError","decl":{"start":{"line":134,"column":24},"end":{"line":134,"column":56}},"loc":{"start":{"line":134,"column":24},"end":{"line":134,"column":56}},"line":134},"10":{"name":"requireSafeStorageSegment","decl":{"start":{"line":182,"column":0},"end":{"line":188,"column":1}},"loc":{"start":{"line":182,"column":0},"end":{"line":188,"column":1}},"line":182},"11":{"name":"assertSafeFileMetadata","decl":{"start":{"line":190,"column":0},"end":{"line":207,"column":1}},"loc":{"start":{"line":190,"column":0},"end":{"line":207,"column":1}},"line":190},"12":{"name":"assertKnownMagicBytes","decl":{"start":{"line":209,"column":0},"end":{"line":239,"column":1}},"loc":{"start":{"line":209,"column":0},"end":{"line":239,"column":1}},"line":209},"13":{"name":"startsWith","decl":{"start":{"line":211,"column":21},"end":{"line":212,"column":68}},"loc":{"start":{"line":211,"column":21},"end":{"line":212,"column":68}},"line":211},"14":{"name":"<instance_members_initializer>","decl":{"start":{"line":241,"column":32},"end":{"line":447,"column":1}},"loc":{"start":{"line":241,"column":32},"end":{"line":447,"column":1}},"line":241},"15":{"name":"AttachmentsService","decl":{"start":{"line":251,"column":9},"end":{"line":259,"column":3}},"loc":{"start":{"line":251,"column":9},"end":{"line":259,"column":3}},"line":251},"16":{"name":"upload","decl":{"start":{"line":261,"column":2},"end":{"line":409,"column":3}},"loc":{"start":{"line":261,"column":2},"end":{"line":409,"column":3}},"line":261},"17":{"name":"getById","decl":{"start":{"line":411,"column":2},"end":{"line":417,"column":3}},"loc":{"start":{"line":411,"column":2},"end":{"line":417,"column":3}},"line":411},"18":{"name":"getFileContent","decl":{"start":{"line":419,"column":2},"end":{"line":425,"column":3}},"loc":{"start":{"line":419,"column":2},"end":{"line":425,"column":3}},"line":419},"19":{"name":"listByLinkedEntity","decl":{"start":{"line":427,"column":2},"end":{"line":446,"column":3}},"loc":{"start":{"line":427,"column":2},"end":{"line":446,"column":3}},"line":427}},"f":{"0":30,"1":14,"2":1,"3":1,"4":2,"5":2,"6":2,"7":0,"8":2,"9":0,"10":32,"11":42,"12":15,"13":37,"14":30,"15":30,"16":42,"17":4,"18":5,"19":6}}
,"/home/ricardo/cvg-his-v4/packages/modules/encounters/src/index.ts": {"path":"/home/ricardo/cvg-his-v4/packages/modules/encounters/src/index.ts","all":false,"statementMap":{"0":{"start":{"line":1,"column":0},"end":{"line":1,"column":41}},"15":{"start":{"line":16,"column":0},"end":{"line":16,"column":90}},"31":{"start":{"line":32,"column":0},"end":{"line":32,"column":71}},"32":{"start":{"line":33,"column":0},"end":{"line":33,"column":70}},"75":{"start":{"line":76,"column":0},"end":{"line":76,"column":33}},"78":{"start":{"line":79,"column":0},"end":{"line":79,"column":5}},"79":{"start":{"line":80,"column":0},"end":{"line":80,"column":48}},"80":{"start":{"line":81,"column":0},"end":{"line":81,"column":50}},"81":{"start":{"line":82,"column":0},"end":{"line":82,"column":37}},"82":{"start":{"line":83,"column":0},"end":{"line":83,"column":37}},"83":{"start":{"line":84,"column":0},"end":{"line":84,"column":12}},"84":{"start":{"line":85,"column":0},"end":{"line":85,"column":2}},"86":{"start":{"line":87,"column":0},"end":{"line":87,"column":98}},"88":{"start":{"line":89,"column":0},"end":{"line":89,"column":41}},"89":{"start":{"line":90,"column":0},"end":{"line":90,"column":34}},"90":{"start":{"line":91,"column":0},"end":{"line":91,"column":1}},"110":{"start":{"line":111,"column":0},"end":{"line":111,"column":32}},"111":{"start":{"line":112,"column":0},"end":{"line":112,"column":34}},"112":{"start":{"line":113,"column":0},"end":{"line":113,"column":38}},"113":{"start":{"line":114,"column":0},"end":{"line":114,"column":66}},"114":{"start":{"line":115,"column":0},"end":{"line":115,"column":79}},"115":{"start":{"line":116,"column":0},"end":{"line":116,"column":54}},"116":{"start":{"line":117,"column":0},"end":{"line":117,"column":70}},"117":{"start":{"line":118,"column":0},"end":{"line":118,"column":44}},"118":{"start":{"line":119,"column":0},"end":{"line":119,"column":80}},"119":{"start":{"line":120,"column":0},"end":{"line":120,"column":40}},"123":{"start":{"line":124,"column":0},"end":{"line":124,"column":53}},"124":{"start":{"line":125,"column":0},"end":{"line":125,"column":50}},"125":{"start":{"line":126,"column":0},"end":{"line":126,"column":55}},"126":{"start":{"line":127,"column":0},"end":{"line":127,"column":51}},"128":{"start":{"line":129,"column":0},"end":{"line":129,"column":57}},"129":{"start":{"line":130,"column":0},"end":{"line":130,"column":34}},"130":{"start":{"line":131,"column":0},"end":{"line":131,"column":38}},"131":{"start":{"line":132,"column":0},"end":{"line":132,"column":60}},"132":{"start":{"line":133,"column":0},"end":{"line":133,"column":76}},"133":{"start":{"line":134,"column":0},"end":{"line":134,"column":34}},"134":{"start":{"line":135,"column":0},"end":{"line":135,"column":82}},"135":{"start":{"line":136,"column":0},"end":{"line":136,"column":58}},"136":{"start":{"line":137,"column":0},"end":{"line":137,"column":70}},"137":{"start":{"line":138,"column":0},"end":{"line":138,"column":3}},"139":{"start":{"line":140,"column":0},"end":{"line":140,"column":72}},"140":{"start":{"line":141,"column":0},"end":{"line":141,"column":56}},"141":{"start":{"line":142,"column":0},"end":{"line":142,"column":87}},"142":{"start":{"line":143,"column":0},"end":{"line":143,"column":6}},"143":{"start":{"line":144,"column":0},"end":{"line":144,"column":3}},"145":{"start":{"line":146,"column":0},"end":{"line":146,"column":69}},"146":{"start":{"line":147,"column":0},"end":{"line":147,"column":56}},"147":{"start":{"line":148,"column":0},"end":{"line":148,"column":54}},"148":{"start":{"line":149,"column":0},"end":{"line":149,"column":6}},"149":{"start":{"line":150,"column":0},"end":{"line":150,"column":3}},"151":{"start":{"line":152,"column":0},"end":{"line":152,"column":73}},"152":{"start":{"line":153,"column":0},"end":{"line":153,"column":37}},"153":{"start":{"line":154,"column":0},"end":{"line":154,"column":13}},"154":{"start":{"line":155,"column":0},"end":{"line":155,"column":5}},"156":{"start":{"line":157,"column":0},"end":{"line":157,"column":92}},"157":{"start":{"line":158,"column":0},"end":{"line":158,"column":54}},"158":{"start":{"line":159,"column":0},"end":{"line":159,"column":6}},"160":{"start":{"line":161,"column":0},"end":{"line":161,"column":50}},"161":{"start":{"line":162,"column":0},"end":{"line":162,"column":52}},"163":{"start":{"line":164,"column":0},"end":{"line":164,"column":46}},"164":{"start":{"line":165,"column":0},"end":{"line":165,"column":26}},"165":{"start":{"line":166,"column":0},"end":{"line":166,"column":81}},"166":{"start":{"line":167,"column":0},"end":{"line":167,"column":97}},"167":{"start":{"line":168,"column":0},"end":{"line":168,"column":56}},"168":{"start":{"line":169,"column":0},"end":{"line":169,"column":7}},"169":{"start":{"line":170,"column":0},"end":{"line":170,"column":5}},"170":{"start":{"line":171,"column":0},"end":{"line":171,"column":3}},"172":{"start":{"line":173,"column":0},"end":{"line":173,"column":87}},"173":{"start":{"line":174,"column":0},"end":{"line":174,"column":56}},"174":{"start":{"line":175,"column":0},"end":{"line":175,"column":58}},"175":{"start":{"line":176,"column":0},"end":{"line":176,"column":70}},"176":{"start":{"line":177,"column":0},"end":{"line":177,"column":5}},"178":{"start":{"line":179,"column":0},"end":{"line":179,"column":21}},"179":{"start":{"line":180,"column":0},"end":{"line":180,"column":3}},"187":{"start":{"line":188,"column":0},"end":{"line":188,"column":96}},"188":{"start":{"line":189,"column":0},"end":{"line":189,"column":12}},"189":{"start":{"line":190,"column":0},"end":{"line":190,"column":57}},"190":{"start":{"line":191,"column":0},"end":{"line":191,"column":68}},"191":{"start":{"line":192,"column":0},"end":{"line":192,"column":85}},"192":{"start":{"line":193,"column":0},"end":{"line":193,"column":7}},"193":{"start":{"line":194,"column":0},"end":{"line":194,"column":6}},"194":{"start":{"line":195,"column":0},"end":{"line":195,"column":3}},"196":{"start":{"line":197,"column":0},"end":{"line":197,"column":85}},"197":{"start":{"line":198,"column":0},"end":{"line":198,"column":53}},"198":{"start":{"line":199,"column":0},"end":{"line":199,"column":93}},"199":{"start":{"line":200,"column":0},"end":{"line":200,"column":5}},"200":{"start":{"line":201,"column":0},"end":{"line":201,"column":68}},"201":{"start":{"line":202,"column":0},"end":{"line":202,"column":23}},"202":{"start":{"line":203,"column":0},"end":{"line":203,"column":28}},"203":{"start":{"line":204,"column":0},"end":{"line":204,"column":36}},"204":{"start":{"line":205,"column":0},"end":{"line":205,"column":95}},"205":{"start":{"line":206,"column":0},"end":{"line":206,"column":7}},"206":{"start":{"line":207,"column":0},"end":{"line":207,"column":6}},"207":{"start":{"line":208,"column":0},"end":{"line":208,"column":3}},"209":{"start":{"line":210,"column":0},"end":{"line":210,"column":52}},"210":{"start":{"line":211,"column":0},"end":{"line":211,"column":42}},"211":{"start":{"line":212,"column":0},"end":{"line":212,"column":44}},"212":{"start":{"line":213,"column":0},"end":{"line":213,"column":9}},"213":{"start":{"line":214,"column":0},"end":{"line":214,"column":53}},"214":{"start":{"line":215,"column":0},"end":{"line":215,"column":15}},"215":{"start":{"line":216,"column":0},"end":{"line":216,"column":46}},"216":{"start":{"line":217,"column":0},"end":{"line":217,"column":46}},"217":{"start":{"line":218,"column":0},"end":{"line":218,"column":7}},"218":{"start":{"line":219,"column":0},"end":{"line":219,"column":48}},"219":{"start":{"line":220,"column":0},"end":{"line":220,"column":47}},"220":{"start":{"line":221,"column":0},"end":{"line":221,"column":7}},"221":{"start":{"line":222,"column":0},"end":{"line":222,"column":5}},"222":{"start":{"line":223,"column":0},"end":{"line":223,"column":3}},"224":{"start":{"line":225,"column":0},"end":{"line":225,"column":99}},"225":{"start":{"line":226,"column":0},"end":{"line":226,"column":42}},"226":{"start":{"line":227,"column":0},"end":{"line":227,"column":29}},"227":{"start":{"line":228,"column":0},"end":{"line":228,"column":25}},"228":{"start":{"line":229,"column":0},"end":{"line":229,"column":20}},"229":{"start":{"line":230,"column":0},"end":{"line":230,"column":25}},"230":{"start":{"line":231,"column":0},"end":{"line":231,"column":9}},"231":{"start":{"line":232,"column":0},"end":{"line":232,"column":33}},"232":{"start":{"line":233,"column":0},"end":{"line":233,"column":60}},"233":{"start":{"line":234,"column":0},"end":{"line":234,"column":40}},"234":{"start":{"line":235,"column":0},"end":{"line":235,"column":3}},"236":{"start":{"line":237,"column":0},"end":{"line":237,"column":89}},"237":{"start":{"line":238,"column":0},"end":{"line":238,"column":40}},"238":{"start":{"line":239,"column":0},"end":{"line":239,"column":29}},"239":{"start":{"line":240,"column":0},"end":{"line":240,"column":25}},"240":{"start":{"line":241,"column":0},"end":{"line":241,"column":13}},"241":{"start":{"line":242,"column":0},"end":{"line":242,"column":28}},"242":{"start":{"line":243,"column":0},"end":{"line":243,"column":25}},"243":{"start":{"line":244,"column":0},"end":{"line":244,"column":23}},"244":{"start":{"line":245,"column":0},"end":{"line":245,"column":22}},"245":{"start":{"line":246,"column":0},"end":{"line":246,"column":9}},"246":{"start":{"line":247,"column":0},"end":{"line":247,"column":9}},"247":{"start":{"line":248,"column":0},"end":{"line":248,"column":32}},"248":{"start":{"line":249,"column":0},"end":{"line":249,"column":58}},"249":{"start":{"line":250,"column":0},"end":{"line":250,"column":40}},"250":{"start":{"line":251,"column":0},"end":{"line":251,"column":19}},"251":{"start":{"line":252,"column":0},"end":{"line":252,"column":3}},"253":{"start":{"line":254,"column":0},"end":{"line":254,"column":28}},"254":{"start":{"line":255,"column":0},"end":{"line":255,"column":25}},"255":{"start":{"line":256,"column":0},"end":{"line":256,"column":25}},"256":{"start":{"line":257,"column":0},"end":{"line":257,"column":20}},"260":{"start":{"line":261,"column":0},"end":{"line":261,"column":5}},"261":{"start":{"line":262,"column":0},"end":{"line":262,"column":57}},"262":{"start":{"line":263,"column":0},"end":{"line":263,"column":51}},"263":{"start":{"line":264,"column":0},"end":{"line":264,"column":75}},"264":{"start":{"line":265,"column":0},"end":{"line":265,"column":88}},"265":{"start":{"line":266,"column":0},"end":{"line":266,"column":5}},"266":{"start":{"line":267,"column":0},"end":{"line":267,"column":36}},"267":{"start":{"line":268,"column":0},"end":{"line":268,"column":91}},"268":{"start":{"line":269,"column":0},"end":{"line":269,"column":15}},"269":{"start":{"line":270,"column":0},"end":{"line":270,"column":9}},"270":{"start":{"line":271,"column":0},"end":{"line":271,"column":5}},"271":{"start":{"line":272,"column":0},"end":{"line":272,"column":38}},"272":{"start":{"line":273,"column":0},"end":{"line":273,"column":93}},"273":{"start":{"line":274,"column":0},"end":{"line":274,"column":17}},"274":{"start":{"line":275,"column":0},"end":{"line":275,"column":9}},"275":{"start":{"line":276,"column":0},"end":{"line":276,"column":5}},"276":{"start":{"line":277,"column":0},"end":{"line":277,"column":30}},"277":{"start":{"line":278,"column":0},"end":{"line":278,"column":3}},"279":{"start":{"line":280,"column":0},"end":{"line":280,"column":23}},"280":{"start":{"line":281,"column":0},"end":{"line":281,"column":25}},"281":{"start":{"line":282,"column":0},"end":{"line":282,"column":24}},"282":{"start":{"line":283,"column":0},"end":{"line":283,"column":35}},"283":{"start":{"line":284,"column":0},"end":{"line":284,"column":23}},"284":{"start":{"line":285,"column":0},"end":{"line":285,"column":89}},"285":{"start":{"line":286,"column":0},"end":{"line":286,"column":81}},"286":{"start":{"line":287,"column":0},"end":{"line":287,"column":93}},"287":{"start":{"line":288,"column":0},"end":{"line":288,"column":45}},"288":{"start":{"line":289,"column":0},"end":{"line":289,"column":82}},"289":{"start":{"line":290,"column":0},"end":{"line":290,"column":5}},"291":{"start":{"line":292,"column":0},"end":{"line":292,"column":83}},"292":{"start":{"line":293,"column":0},"end":{"line":293,"column":32}},"293":{"start":{"line":294,"column":0},"end":{"line":294,"column":96}},"294":{"start":{"line":295,"column":0},"end":{"line":295,"column":9}},"295":{"start":{"line":296,"column":0},"end":{"line":296,"column":20}},"296":{"start":{"line":297,"column":0},"end":{"line":297,"column":18}},"297":{"start":{"line":298,"column":0},"end":{"line":298,"column":39}},"298":{"start":{"line":299,"column":0},"end":{"line":299,"column":9}},"299":{"start":{"line":300,"column":0},"end":{"line":300,"column":8}},"300":{"start":{"line":301,"column":0},"end":{"line":301,"column":5}},"302":{"start":{"line":303,"column":0},"end":{"line":303,"column":59}},"303":{"start":{"line":304,"column":0},"end":{"line":304,"column":54}},"304":{"start":{"line":305,"column":0},"end":{"line":305,"column":6}},"305":{"start":{"line":306,"column":0},"end":{"line":306,"column":25}},"306":{"start":{"line":307,"column":0},"end":{"line":307,"column":74}},"307":{"start":{"line":308,"column":0},"end":{"line":308,"column":38}},"308":{"start":{"line":309,"column":0},"end":{"line":309,"column":9}},"309":{"start":{"line":310,"column":0},"end":{"line":310,"column":5}},"311":{"start":{"line":312,"column":0},"end":{"line":312,"column":25}},"312":{"start":{"line":313,"column":0},"end":{"line":313,"column":41}},"313":{"start":{"line":314,"column":0},"end":{"line":314,"column":38}},"314":{"start":{"line":315,"column":0},"end":{"line":315,"column":16}},"315":{"start":{"line":316,"column":0},"end":{"line":316,"column":16}},"316":{"start":{"line":317,"column":0},"end":{"line":317,"column":14}},"317":{"start":{"line":318,"column":0},"end":{"line":318,"column":52}},"318":{"start":{"line":319,"column":0},"end":{"line":319,"column":50}},"319":{"start":{"line":320,"column":0},"end":{"line":320,"column":35}},"320":{"start":{"line":321,"column":0},"end":{"line":321,"column":29}},"321":{"start":{"line":322,"column":0},"end":{"line":322,"column":62}},"322":{"start":{"line":323,"column":0},"end":{"line":323,"column":26}},"323":{"start":{"line":324,"column":0},"end":{"line":324,"column":20}},"324":{"start":{"line":325,"column":0},"end":{"line":325,"column":35}},"325":{"start":{"line":326,"column":0},"end":{"line":326,"column":20}},"326":{"start":{"line":327,"column":0},"end":{"line":327,"column":6}},"328":{"start":{"line":329,"column":0},"end":{"line":329,"column":50}},"330":{"start":{"line":331,"column":0},"end":{"line":331,"column":91}},"331":{"start":{"line":332,"column":0},"end":{"line":332,"column":16}},"332":{"start":{"line":333,"column":0},"end":{"line":333,"column":36}},"333":{"start":{"line":334,"column":0},"end":{"line":334,"column":59}},"334":{"start":{"line":335,"column":0},"end":{"line":335,"column":17}},"335":{"start":{"line":336,"column":0},"end":{"line":336,"column":7}},"336":{"start":{"line":337,"column":0},"end":{"line":337,"column":88}},"338":{"start":{"line":339,"column":0},"end":{"line":339,"column":35}},"339":{"start":{"line":340,"column":0},"end":{"line":340,"column":85}},"340":{"start":{"line":341,"column":0},"end":{"line":341,"column":5}},"342":{"start":{"line":343,"column":0},"end":{"line":343,"column":21}},"343":{"start":{"line":344,"column":0},"end":{"line":344,"column":3}},"351":{"start":{"line":352,"column":0},"end":{"line":352,"column":44}},"352":{"start":{"line":353,"column":0},"end":{"line":353,"column":25}},"353":{"start":{"line":354,"column":0},"end":{"line":354,"column":24}},"354":{"start":{"line":355,"column":0},"end":{"line":355,"column":35}},"355":{"start":{"line":356,"column":0},"end":{"line":356,"column":32}},"356":{"start":{"line":357,"column":0},"end":{"line":357,"column":89}},"357":{"start":{"line":358,"column":0},"end":{"line":358,"column":81}},"358":{"start":{"line":359,"column":0},"end":{"line":359,"column":23}},"359":{"start":{"line":360,"column":0},"end":{"line":360,"column":67}},"360":{"start":{"line":361,"column":0},"end":{"line":361,"column":62}},"361":{"start":{"line":362,"column":0},"end":{"line":362,"column":7}},"362":{"start":{"line":363,"column":0},"end":{"line":363,"column":63}},"363":{"start":{"line":364,"column":0},"end":{"line":364,"column":3}},"365":{"start":{"line":366,"column":0},"end":{"line":366,"column":29}},"366":{"start":{"line":367,"column":0},"end":{"line":367,"column":25}},"367":{"start":{"line":368,"column":0},"end":{"line":368,"column":29}},"368":{"start":{"line":369,"column":0},"end":{"line":369,"column":24}},"369":{"start":{"line":370,"column":0},"end":{"line":370,"column":39}},"370":{"start":{"line":371,"column":0},"end":{"line":371,"column":23}},"371":{"start":{"line":372,"column":0},"end":{"line":372,"column":60}},"372":{"start":{"line":373,"column":0},"end":{"line":373,"column":42}},"374":{"start":{"line":375,"column":0},"end":{"line":375,"column":67}},"375":{"start":{"line":376,"column":0},"end":{"line":376,"column":72}},"376":{"start":{"line":377,"column":0},"end":{"line":377,"column":29}},"377":{"start":{"line":378,"column":0},"end":{"line":378,"column":22}},"378":{"start":{"line":379,"column":0},"end":{"line":379,"column":9}},"379":{"start":{"line":380,"column":0},"end":{"line":380,"column":5}},"381":{"start":{"line":382,"column":0},"end":{"line":382,"column":39}},"382":{"start":{"line":383,"column":0},"end":{"line":383,"column":17}},"383":{"start":{"line":384,"column":0},"end":{"line":384,"column":25}},"384":{"start":{"line":385,"column":0},"end":{"line":385,"column":25}},"385":{"start":{"line":386,"column":0},"end":{"line":386,"column":6}},"387":{"start":{"line":388,"column":0},"end":{"line":388,"column":47}},"388":{"start":{"line":389,"column":0},"end":{"line":389,"column":90}},"389":{"start":{"line":390,"column":0},"end":{"line":390,"column":35}},"390":{"start":{"line":391,"column":0},"end":{"line":391,"column":34}},"391":{"start":{"line":392,"column":0},"end":{"line":392,"column":82}},"392":{"start":{"line":393,"column":0},"end":{"line":393,"column":17}},"393":{"start":{"line":394,"column":0},"end":{"line":394,"column":7}},"395":{"start":{"line":396,"column":0},"end":{"line":396,"column":88}},"397":{"start":{"line":398,"column":0},"end":{"line":398,"column":41}},"398":{"start":{"line":399,"column":0},"end":{"line":399,"column":28}},"399":{"start":{"line":400,"column":0},"end":{"line":400,"column":71}},"400":{"start":{"line":401,"column":0},"end":{"line":401,"column":19}},"401":{"start":{"line":402,"column":0},"end":{"line":402,"column":8}},"402":{"start":{"line":403,"column":0},"end":{"line":403,"column":5}},"404":{"start":{"line":405,"column":0},"end":{"line":405,"column":19}},"405":{"start":{"line":406,"column":0},"end":{"line":406,"column":3}},"407":{"start":{"line":408,"column":0},"end":{"line":408,"column":24}},"408":{"start":{"line":409,"column":0},"end":{"line":409,"column":25}},"409":{"start":{"line":410,"column":0},"end":{"line":410,"column":29}},"410":{"start":{"line":411,"column":0},"end":{"line":411,"column":24}},"411":{"start":{"line":412,"column":0},"end":{"line":412,"column":34}},"412":{"start":{"line":413,"column":0},"end":{"line":413,"column":23}},"413":{"start":{"line":414,"column":0},"end":{"line":414,"column":60}},"414":{"start":{"line":415,"column":0},"end":{"line":415,"column":38}},"415":{"start":{"line":416,"column":0},"end":{"line":416,"column":78}},"416":{"start":{"line":417,"column":0},"end":{"line":417,"column":5}},"418":{"start":{"line":419,"column":0},"end":{"line":419,"column":82}},"419":{"start":{"line":420,"column":0},"end":{"line":420,"column":39}},"420":{"start":{"line":421,"column":0},"end":{"line":421,"column":17}},"421":{"start":{"line":422,"column":0},"end":{"line":422,"column":23}},"422":{"start":{"line":423,"column":0},"end":{"line":423,"column":25}},"423":{"start":{"line":424,"column":0},"end":{"line":424,"column":18}},"424":{"start":{"line":425,"column":0},"end":{"line":425,"column":25}},"425":{"start":{"line":426,"column":0},"end":{"line":426,"column":6}},"427":{"start":{"line":428,"column":0},"end":{"line":428,"column":47}},"428":{"start":{"line":429,"column":0},"end":{"line":429,"column":90}},"429":{"start":{"line":430,"column":0},"end":{"line":430,"column":35}},"430":{"start":{"line":431,"column":0},"end":{"line":431,"column":36}},"431":{"start":{"line":432,"column":0},"end":{"line":432,"column":50}},"432":{"start":{"line":433,"column":0},"end":{"line":433,"column":17}},"433":{"start":{"line":434,"column":0},"end":{"line":434,"column":7}},"435":{"start":{"line":436,"column":0},"end":{"line":436,"column":88}},"437":{"start":{"line":438,"column":0},"end":{"line":438,"column":41}},"438":{"start":{"line":439,"column":0},"end":{"line":439,"column":28}},"439":{"start":{"line":440,"column":0},"end":{"line":440,"column":71}},"440":{"start":{"line":441,"column":0},"end":{"line":441,"column":19}},"441":{"start":{"line":442,"column":0},"end":{"line":442,"column":8}},"442":{"start":{"line":443,"column":0},"end":{"line":443,"column":5}},"444":{"start":{"line":445,"column":0},"end":{"line":445,"column":19}},"445":{"start":{"line":446,"column":0},"end":{"line":446,"column":3}},"447":{"start":{"line":448,"column":0},"end":{"line":448,"column":25}},"448":{"start":{"line":449,"column":0},"end":{"line":449,"column":25}},"449":{"start":{"line":450,"column":0},"end":{"line":450,"column":29}},"450":{"start":{"line":451,"column":0},"end":{"line":451,"column":24}},"451":{"start":{"line":452,"column":0},"end":{"line":452,"column":18}},"452":{"start":{"line":453,"column":0},"end":{"line":453,"column":23}},"453":{"start":{"line":454,"column":0},"end":{"line":454,"column":60}},"454":{"start":{"line":455,"column":0},"end":{"line":455,"column":38}},"455":{"start":{"line":456,"column":0},"end":{"line":456,"column":90}},"456":{"start":{"line":457,"column":0},"end":{"line":457,"column":5}},"457":{"start":{"line":458,"column":0},"end":{"line":458,"column":90}},"458":{"start":{"line":459,"column":0},"end":{"line":459,"column":65}},"459":{"start":{"line":460,"column":0},"end":{"line":460,"column":39}},"460":{"start":{"line":461,"column":0},"end":{"line":461,"column":17}},"461":{"start":{"line":462,"column":0},"end":{"line":462,"column":26}},"462":{"start":{"line":463,"column":0},"end":{"line":463,"column":26}},"463":{"start":{"line":464,"column":0},"end":{"line":464,"column":29}},"464":{"start":{"line":465,"column":0},"end":{"line":465,"column":25}},"465":{"start":{"line":466,"column":0},"end":{"line":466,"column":6}},"466":{"start":{"line":467,"column":0},"end":{"line":467,"column":47}},"467":{"start":{"line":468,"column":0},"end":{"line":468,"column":90}},"468":{"start":{"line":469,"column":0},"end":{"line":469,"column":35}},"469":{"start":{"line":470,"column":0},"end":{"line":470,"column":38}},"470":{"start":{"line":471,"column":0},"end":{"line":471,"column":53}},"471":{"start":{"line":472,"column":0},"end":{"line":472,"column":17}},"472":{"start":{"line":473,"column":0},"end":{"line":473,"column":7}},"473":{"start":{"line":474,"column":0},"end":{"line":474,"column":55}},"474":{"start":{"line":475,"column":0},"end":{"line":475,"column":14}},"475":{"start":{"line":476,"column":0},"end":{"line":476,"column":14}},"476":{"start":{"line":477,"column":0},"end":{"line":477,"column":20}},"477":{"start":{"line":478,"column":0},"end":{"line":478,"column":89}},"478":{"start":{"line":479,"column":0},"end":{"line":479,"column":6}},"479":{"start":{"line":480,"column":0},"end":{"line":480,"column":41}},"480":{"start":{"line":481,"column":0},"end":{"line":481,"column":28}},"481":{"start":{"line":482,"column":0},"end":{"line":482,"column":71}},"482":{"start":{"line":483,"column":0},"end":{"line":483,"column":19}},"483":{"start":{"line":484,"column":0},"end":{"line":484,"column":8}},"484":{"start":{"line":485,"column":0},"end":{"line":485,"column":5}},"485":{"start":{"line":486,"column":0},"end":{"line":486,"column":19}},"486":{"start":{"line":487,"column":0},"end":{"line":487,"column":3}},"488":{"start":{"line":489,"column":0},"end":{"line":489,"column":46}},"489":{"start":{"line":490,"column":0},"end":{"line":490,"column":25}},"490":{"start":{"line":491,"column":0},"end":{"line":491,"column":29}},"491":{"start":{"line":492,"column":0},"end":{"line":492,"column":24}},"492":{"start":{"line":493,"column":0},"end":{"line":493,"column":18}},"493":{"start":{"line":494,"column":0},"end":{"line":494,"column":32}},"494":{"start":{"line":495,"column":0},"end":{"line":495,"column":60}},"495":{"start":{"line":496,"column":0},"end":{"line":496,"column":23}},"496":{"start":{"line":497,"column":0},"end":{"line":497,"column":75}},"497":{"start":{"line":498,"column":0},"end":{"line":498,"column":70}},"498":{"start":{"line":499,"column":0},"end":{"line":499,"column":7}},"499":{"start":{"line":500,"column":0},"end":{"line":500,"column":77}},"500":{"start":{"line":501,"column":0},"end":{"line":501,"column":3}},"502":{"start":{"line":503,"column":0},"end":{"line":503,"column":80}},"503":{"start":{"line":504,"column":0},"end":{"line":504,"column":60}},"504":{"start":{"line":505,"column"
[...]
7}},"197":{"start":{"line":198,"column":0},"end":{"line":198,"column":84}},"198":{"start":{"line":199,"column":0},"end":{"line":199,"column":23}},"199":{"start":{"line":200,"column":0},"end":{"line":200,"column":28}},"200":{"start":{"line":201,"column":0},"end":{"line":201,"column":48}},"202":{"start":{"line":203,"column":0},"end":{"line":203,"column":36}},"203":{"start":{"line":204,"column":0},"end":{"line":204,"column":91}},"204":{"start":{"line":205,"column":0},"end":{"line":205,"column":10}},"205":{"start":{"line":206,"column":0},"end":{"line":206,"column":24}},"206":{"start":{"line":207,"column":0},"end":{"line":207,"column":53}},"207":{"start":{"line":208,"column":0},"end":{"line":208,"column":48}},"208":{"start":{"line":209,"column":0},"end":{"line":209,"column":9}},"209":{"start":{"line":210,"column":0},"end":{"line":210,"column":17}},"210":{"start":{"line":211,"column":0},"end":{"line":211,"column":7}},"212":{"start":{"line":213,"column":0},"end":{"line":213,"column":40}},"213":{"start":{"line":214,"column":0},"end":{"line":214,"column":15}},"214":{"start":{"line":215,"column":0},"end":{"line":215,"column":28}},"215":{"start":{"line":216,"column":0},"end":{"line":216,"column":35}},"216":{"start":{"line":217,"column":0},"end":{"line":217,"column":27}},"217":{"start":{"line":218,"column":0},"end":{"line":218,"column":9}},"219":{"start":{"line":220,"column":0},"end":{"line":220,"column":44}},"220":{"start":{"line":221,"column":0},"end":{"line":221,"column":24}},"221":{"start":{"line":222,"column":0},"end":{"line":222,"column":23}},"222":{"start":{"line":223,"column":0},"end":{"line":223,"column":14}},"223":{"start":{"line":224,"column":0},"end":{"line":224,"column":8}},"224":{"start":{"line":225,"column":0},"end":{"line":225,"column":57}},"225":{"start":{"line":226,"column":0},"end":{"line":226,"column":30}},"226":{"start":{"line":227,"column":0},"end":{"line":227,"column":48}},"227":{"start":{"line":228,"column":0},"end":{"line":228,"column":5}},"229":{"start":{"line":230,"column":0},"end":{"line":230,"column":21}},"230":{"start":{"line":231,"column":0},"end":{"line":231,"column":3}},"232":{"start":{"line":233,"column":0},"end":{"line":233,"column":30}},"233":{"start":{"line":234,"column":0},"end":{"line":234,"column":25}},"234":{"start":{"line":235,"column":0},"end":{"line":235,"column":45}},"235":{"start":{"line":236,"column":0},"end":{"line":236,"column":46}},"236":{"start":{"line":237,"column":0},"end":{"line":237,"column":62}},"237":{"start":{"line":238,"column":0},"end":{"line":238,"column":17}},"238":{"start":{"line":239,"column":0},"end":{"line":239,"column":94}},"239":{"start":{"line":240,"column":0},"end":{"line":240,"column":34}},"240":{"start":{"line":241,"column":0},"end":{"line":241,"column":84}},"241":{"start":{"line":242,"column":0},"end":{"line":242,"column":23}},"242":{"start":{"line":243,"column":0},"end":{"line":243,"column":28}},"243":{"start":{"line":244,"column":0},"end":{"line":244,"column":48}},"245":{"start":{"line":246,"column":0},"end":{"line":246,"column":36}},"246":{"start":{"line":247,"column":0},"end":{"line":247,"column":62}},"247":{"start":{"line":248,"column":0},"end":{"line":248,"column":20}},"248":{"start":{"line":249,"column":0},"end":{"line":249,"column":46}},"249":{"start":{"line":250,"column":0},"end":{"line":250,"column":50}},"250":{"start":{"line":251,"column":0},"end":{"line":251,"column":45}},"251":{"start":{"line":252,"column":0},"end":{"line":252,"column":8}},"252":{"start":{"line":253,"column":0},"end":{"line":253,"column":34}},"253":{"start":{"line":254,"column":0},"end":{"line":254,"column":17}},"254":{"start":{"line":255,"column":0},"end":{"line":255,"column":7}},"256":{"start":{"line":257,"column":0},"end":{"line":257,"column":80}},"257":{"start":{"line":258,"column":0},"end":{"line":258,"column":26}},"258":{"start":{"line":259,"column":0},"end":{"line":259,"column":32}},"259":{"start":{"line":260,"column":0},"end":{"line":260,"column":17}},"260":{"start":{"line":261,"column":0},"end":{"line":261,"column":30}},"261":{"start":{"line":262,"column":0},"end":{"line":262,"column":37}},"262":{"start":{"line":263,"column":0},"end":{"line":263,"column":29}},"263":{"start":{"line":264,"column":0},"end":{"line":264,"column":10}},"264":{"start":{"line":265,"column":0},"end":{"line":265,"column":7}},"266":{"start":{"line":267,"column":0},"end":{"line":267,"column":44}},"267":{"start":{"line":268,"column":0},"end":{"line":268,"column":50}},"268":{"start":{"line":269,"column":0},"end":{"line":269,"column":23}},"269":{"start":{"line":270,"column":0},"end":{"line":270,"column":14}},"270":{"start":{"line":271,"column":0},"end":{"line":271,"column":8}},"271":{"start":{"line":272,"column":0},"end":{"line":272,"column":55}},"272":{"start":{"line":273,"column":0},"end":{"line":273,"column":30}},"273":{"start":{"line":274,"column":0},"end":{"line":274,"column":48}},"274":{"start":{"line":275,"column":0},"end":{"line":275,"column":5}},"276":{"start":{"line":277,"column":0},"end":{"line":277,"column":21}},"277":{"start":{"line":278,"column":0},"end":{"line":278,"column":3}},"279":{"start":{"line":280,"column":0},"end":{"line":280,"column":54}},"280":{"start":{"line":281,"column":0},"end":{"line":281,"column":70}},"281":{"start":{"line":282,"column":0},"end":{"line":282,"column":3}},"282":{"start":{"line":283,"column":0},"end":{"line":283,"column":1}}},"s":{"0":1,"16":1,"17":1,"18":1,"20":1,"47":1,"48":14,"49":14,"50":14,"51":14,"52":14,"53":14,"55":14,"56":14,"57":14,"58":14,"59":14,"60":14,"62":14,"63":28,"64":28,"65":28,"66":28,"67":28,"68":28,"69":28,"70":28,"73":28,"74":2,"75":0,"76":0,"77":2,"78":2,"79":1,"80":1,"81":2,"82":28,"83":1,"84":0,"85":0,"86":1,"87":1,"88":1,"89":1,"90":1,"91":0,"92":0,"93":1,"95":26,"96":26,"97":26,"98":26,"99":26,"100":26,"101":26,"102":26,"103":26,"104":26,"105":26,"106":26,"107":28,"108":28,"109":28,"110":28,"111":28,"112":28,"113":28,"114":28,"116":28,"117":28,"118":28,"119":28,"120":28,"121":28,"122":28,"123":28,"125":28,"126":28,"129":28,"130":5,"131":5,"132":5,"134":26,"135":28,"137":14,"138":9,"139":9,"140":9,"141":9,"142":9,"143":9,"144":19,"145":9,"146":9,"148":14,"149":2,"150":2,"151":2,"152":2,"153":2,"154":2,"155":2,"156":2,"158":14,"159":4,"160":4,"161":4,"162":4,"163":4,"164":0,"165":0,"166":4,"167":4,"168":7,"169":4,"170":4,"172":14,"173":4,"174":4,"175":4,"176":4,"177":4,"178":0,"179":0,"180":4,"181":4,"182":4,"183":4,"185":14,"186":3,"187":3,"188":3,"189":3,"190":3,"191":0,"192":0,"194":3,"195":3,"196":3,"197":3,"198":3,"199":3,"200":3,"202":3,"203":3,"204":3,"205":3,"206":3,"207":3,"208":3,"209":0,"210":0,"212":3,"213":3,"214":3,"215":3,"216":3,"217":3,"219":3,"220":3,"221":3,"222":3,"223":3,"224":3,"225":3,"226":3,"227":3,"229":3,"230":3,"232":14,"233":6,"234":6,"235":6,"236":6,"237":6,"238":6,"239":6,"240":6,"241":6,"242":6,"243":6,"245":6,"246":8,"247":8,"248":11,"249":8,"250":8,"251":8,"252":8,"253":0,"254":0,"256":8,"257":8,"258":8,"259":8,"260":8,"261":8,"262":8,"263":8,"264":8,"266":8,"267":8,"268":8,"269":8,"270":8,"271":8,"272":8,"273":8,"274":8,"276":6,"277":6,"279":14,"280":56,"281":56,"282":14},"branchMap":{"0":{"type":"branch","line":48,"loc":{"start":{"line":48,"column":34},"end":{"line":283,"column":1}},"locations":[{"start":{"line":48,"column":34},"end":{"line":283,"column":1}}]},"1":{"type":"branch","line":56,"loc":{"start":{"line":56,"column":9},"end":{"line":61,"column":3}},"locations":[{"start":{"line":56,"column":9},"end":{"line":61,"column":3}}]},"2":{"type":"branch","line":57,"loc":{"start":{"line":57,"column":23},"end":{"line":57,"column":43}},"locations":[{"start":{"line":57,"column":23},"end":{"line":57,"column":43}}]},"3":{"type":"branch","line":58,"loc":{"start":{"line":58,"column":21},"end":{"line":58,"column":39}},"locations":[{"start":{"line":58,"column":21},"end":{"line":58,"column":39}}]},"4":{"type":"branch","line":59,"loc":{"start":{"line":59,"column":23},"end":{"line":59,"column":55}},"locations":[{"start":{"line":59,"column":23},"end":{"line":59,"column":55}}]},"5":{"type":"branch","line":60,"loc":{"start":{"line":60,"column":31},"end":{"line":60,"column":59}},"locations":[{"start":{"line":60,"column":31},"end":{"line":60,"column":59}}]},"6":{"type":"branch","line":63,"loc":{"start":{"line":63,"column":2},"end":{"line":136,"column":3}},"locations":[{"start":{"line":63,"column":2},"end":{"line":136,"column":3}}]},"7":{"type":"branch","line":69,"loc":{"start":{"line":69,"column":32},"end":{"line":69,"column":50}},"locations":[{"start":{"line":69,"column":32},"end":{"line":69,"column":50}}]},"8":{"type":"branch","line":69,"loc":{"start":{"line":69,"column":50},"end":{"line":69,"column":65}},"locations":[{"start":{"line":69,"column":50},"end":{"line":69,"column":65}}]},"9":{"type":"branch","line":70,"loc":{"start":{"line":70,"column":30},"end":{"line":70,"column":46}},"locations":[{"start":{"line":70,"column":30},"end":{"line":70,"column":46}}]},"10":{"type":"branch","line":70,"loc":{"start":{"line":70,"column":46},"end":{"line":70,"column":61}},"locations":[{"start":{"line":70,"column":46},"end":{"line":70,"column":61}}]},"11":{"type":"branch","line":74,"loc":{"start":{"line":74,"column":21},"end":{"line":82,"column":5}},"locations":[{"start":{"line":74,"column":21},"end":{"line":82,"column":5}}]},"12":{"type":"branch","line":75,"loc":{"start":{"line":75,"column":29},"end":{"line":77,"column":7}},"locations":[{"start":{"line":75,"column":29},"end":{"line":77,"column":7}}]},"13":{"type":"branch","line":79,"loc":{"start":{"line":79,"column":51},"end":{"line":81,"column":7}},"locations":[{"start":{"line":79,"column":51},"end":{"line":81,"column":7}}]},"14":{"type":"branch","line":82,"loc":{"start":{"line":82,"column":4},"end":{"line":83,"column":19}},"locations":[{"start":{"line":82,"column":4},"end":{"line":83,"column":19}}]},"15":{"type":"branch","line":83,"loc":{"start":{"line":83,"column":19},"end":{"line":94,"column":5}},"locations":[{"start":{"line":83,"column":19},"end":{"line":94,"column":5}}]},"16":{"type":"branch","line":84,"loc":{"start":{"line":84,"column":27},"end":{"line":86,"column":7}},"locations":[{"start":{"line":84,"column":27},"end":{"line":86,"column":7}}]},"17":{"type":"branch","line":90,"loc":{"start":{"line":90,"column":6},"end":{"line":91,"column":59}},"locations":[{"start":{"line":90,"column":6},"end":{"line":91,"column":59}}]},"18":{"type":"branch","line":91,"loc":{"start":{"line":91,"column":59},"end":{"line":93,"column":7}},"locations":[{"start":{"line":91,"column":59},"end":{"line":93,"column":7}}]},"19":{"type":"branch","line":94,"loc":{"start":{"line":94,"column":4},"end":{"line":108,"column":52}},"locations":[{"start":{"line":94,"column":4},"end":{"line":108,"column":52}}]},"20":{"type":"branch","line":108,"loc":{"start":{"line":108,"column":33},"end":{"line":108,"column":57}},"locations":[{"start":{"line":108,"column":33},"end":{"line":108,"column":57}}]},"21":{"type":"branch","line":108,"loc":{"start":{"line":108,"column":57},"end":{"line":108,"column":72}},"locations":[{"start":{"line":108,"column":57},"end":{"line":108,"column":72}}]},"22":{"type":"branch","line":130,"loc":{"start":{"line":130,"column":26},"end":{"line":133,"column":5}},"locations":[{"start":{"line":130,"column":26},"end":{"line":133,"column":5}}]},"23":{"type":"branch","line":133,"loc":{"start":{"line":133,"column":4},"end":{"line":135,"column":24}},"locations":[{"start":{"line":133,"column":4},"end":{"line":135,"column":24}}]},"24":{"type":"branch","line":138,"loc":{"start":{"line":138,"column":9},"end":{"line":147,"column":3}},"locations":[{"start":{"line":138,"column":9},"end":{"line":147,"column":3}}]},"25":{"type":"branch","line":144,"loc":{"start":{"line":144,"column":6},"end":{"line":145,"column":97}},"locations":[{"start":{"line":144,"column":6},"end":{"line":145,"column":97}}]},"26":{"type":"branch","line":145,"loc":{"start":{"line":145,"column":44},"end":{"line":145,"column":97}},"locations":[{"start":{"line":145,"column":44},"end":{"line":145,"column":97}}]},"27":{"type":"branch","line":149,"loc":{"start":{"line":149,"column":9},"end":{"line":157,"column":3}},"locations":[{"start":{"line":149,"column":9},"end":{"line":157,"column":3}}]},"28":{"type":"branch","line":155,"loc":{"start":{"line":155,"column":6},"end":{"line":155,"column":86}},"locations":[{"start":{"line":155,"column":6},"end":{"line":155,"column":86}}]},"29":{"type":"branch","line":155,"loc":{"start":{"line":155,"column":17},"end":{"line":155,"column":53}},"locations":[{"start":{"line":155,"column":17},"end":{"line":155,"column":53}}]},"30":{"type":"branch","line":159,"loc":{"start":{"line":159,"column":2},"end":{"line":171,"column":3}},"locations":[{"start":{"line":159,"column":2},"end":{"line":171,"column":3}}]},"31":{"type":"branch","line":164,"loc":{"start":{"line":164,"column":27},"end":{"line":166,"column":5}},"locations":[{"start":{"line":164,"column":27},"end":{"line":166,"column":5}}]},"32":{"type":"branch","line":168,"loc":{"start":{"line":168,"column":6},"end":{"line":169,"column":97}},"locations":[{"start":{"line":168,"column":6},"end":{"line":169,"column":97}}]},"33":{"type":"branch","line":169,"loc":{"start":{"line":169,"column":35},"end":{"line":169,"column":97}},"locations":[{"start":{"line":169,"column":35},"end":{"line":169,"column":97}}]},"34":{"type":"branch","line":173,"loc":{"start":{"line":173,"column":2},"end":{"line":184,"column":3}},"locations":[{"start":{"line":173,"column":2},"end":{"line":184,"column":3}}]},"35":{"type":"branch","line":178,"loc":{"start":{"line":178,"column":27},"end":{"line":180,"column":5}},"locations":[{"start":{"line":178,"column":27},"end":{"line":180,"column":5}}]},"36":{"type":"branch","line":182,"loc":{"start":{"line":182,"column":6},"end":{"line":182,"column":86}},"locations":[{"start":{"line":182,"column":6},"end":{"line":182,"column":86}}]},"37":{"type":"branch","line":182,"loc":{"start":{"line":182,"column":33},"end":{"line":182,"column":86}},"locations":[{"start":{"line":182,"column":33},"end":{"line":182,"column":86}}]},"38":{"type":"branch","line":182,"loc":{"start":{"line":182,"column":54},"end":{"line":182,"column":86}},"locations":[{"start":{"line":182,"column":54},"end":{"line":182,"column":86}}]},"39":{"type":"branch","line":186,"loc":{"start":{"line":186,"column":2},"end":{"line":231,"column":3}},"locations":[{"start":{"line":186,"column":2},"end":{"line":231,"column":3}}]},"40":{"type":"branch","line":191,"loc":{"start":{"line":191,"column":27},"end":{"line":193,"column":5}},"locations":[{"start":{"line":191,"column":27},"end":{"line":193,"column":5}}]},"41":{"type":"branch","line":196,"loc":{"start":{"line":196,"column":87},"end":{"line":196,"column":94}},"locations":[{"start":{"line":196,"column":87},"end":{"line":196,"column":94}}]},"42":{"type":"branch","line":209,"loc":{"start":{"line":209,"column":8},"end":{"line":211,"column":7}},"locations":[{"start":{"line":209,"column":8},"end":{"line":211,"column":7}}]},"43":{"type":"branch","line":227,"loc":{"start":{"line":227,"column":17},"end":{"line":227,"column":48}},"locations":[{"start":{"line":227,"column":17},"end":{"line":227,"column":48}}]},"44":{"type":"branch","line":198,"loc":{"start":{"line":198,"column":14},"end":{"line":198,"column":83}},"locations":[{"start":{"line":198,"column":14},"end":{"line":198,"column":83}}]},"45":{"type":"branch","line":198,"loc":{"start":{"line":198,"column":41},"end":{"line":198,"column":83}},"locations":[{"start":{"line":198,"column":41},"end":{"line":198,"column":83}}]},"46":{"type":"branch","line":233,"loc":{"start":{"line":233,"column":2},"end":{"line":278,"column":3}},"locations":[{"start":{"line":233,"column":2},"end":{"line":278,"column":3}}]},"47":{"type":"branch","line":239,"loc":{"start":{"line":239,"column":87},"end":{"line":239,"column":94}},"locations":[{"start":{"line":239,"column":87},"end":{"line":239,"column":94}}]},"48":{"type":"branch","line":246,"loc":{"start":{"line":246,"column":35},"end":{"line":275,"column":5}},"locations":[{"start":{"line":246,"column":35},"end":{"line":275,"column":5}}]},"49":{"type":"branch","line":253,"loc":{"start":{"line":253,"column":33},"end":{"line":255,"column":7}},"locations":[{"start":{"line":253,"column":33},"end":{"line":255,"column":7}}]},"50":{"type":"branch","line":274,"loc":{"start":{"line":274,"column":17},"end":{"line":274,"column":48}},"locations":[{"start":{"line":274,"column":17},"end":{"line":274,"column":48}}]},"51":{"type":"branch","line":241,"loc":{"start":{"line":241,"column":14},"end":{"line":241,"column":83}},"locations":[{"start":{"line":241,"column":14},"end":{"line":241,"column":83}}]},"52":{"type":"branch","line":248,"loc":{"start":{"line":248,"column":8},"end":{"line":251,"column":45}},"locations":[{"start":{"line":248,"column":8},"end":{"line":251,"column":45}}]},"53":{"type":"branch","line":249,"loc":{"start":{"line":249,"column":29},"end":{"line":250,"column":50}},"locations":[{"start":{"line":249,"column":29},"end":{"line":250,"column":50}}]},"54":{"type":"branch","line":250,"loc":{"start":{"line":250,"column":32},"end":{"line":251,"column":45}},"locations":[{"start":{"line":250,"column":32},"end":{"line":251,"column":45}}]},"55":{"type":"branch","line":257,"loc":{"start":{"line":257,"column":44},"end":{"line":257,"column":78}},"locations":[{"start":{"line":257,"column":44},"end":{"line":257,"column":78}}]},"56":{"type":"branch","line":280,"loc":{"start":{"line":280,"column":2},"end":{"line":282,"column":3}},"locations":[{"start":{"line":280,"column":2},"end":{"line":282,"column":3}}]}},"b":{"0":[14],"1":[14],"2":[6],"3":[6],"4":[6],"5":[6],"6":[28],"7":[2],"8":[26],"9":[2],"10":[26],"11":[2],"12":[0],"13":[1],"14":[27],"15":[1],"16":[0],"17":[0],"18":[0],"19":[26],"20":[0],"21":[26],"22":[5],"23":[26],"24":[9],"25":[19],"26":[12],"27":[2],"28":[3],"29":[0],"30":[4],"31":[0],"32":[7],"33":[4],"34":[4],"35":[0],"36":[6],"37":[4],"38":[0],"39":[3],"40":[0],"41":[0],"42":[0],"43":[1],"44":[4],"45":[3],"46":[6],"47":[0],"48":[8],"49":[0],"50":[1],"51":[13],"52":[11],"53":[8],"54":[8],"55":[11],"56":[56]},"fnMap":{"0":{"name":"<instance_members_initializer>","decl":{"start":{"line":48,"column":34},"end":{"line":283,"column":1}},"loc":{"start":{"line":48,"column":34},"end":{"line":283,"column":1}},"line":48},"1":{"name":"NotificationsService","decl":{"start":{"line":56,"column":9},"end":{"line":61,"column":3}},"loc":{"start":{"line":56,"column":9},"end":{"line":61,"column":3}},"line":56},"2":{"name":"create","decl":{"start":{"line":63,"column":2},"end":{"line":136,"column":3}},"loc":{"start":{"line":63,"column":2},"end":{"line":136,"column":3}},"line":63},"3":{"name":"list","decl":{"start":{"line":138,"column":9},"end":{"line":147,"column":3}},"loc":{"start":{"line":138,"column":9},"end":{"line":147,"column":3}},"line":138},"4":{"name":"listJobs","decl":{"start":{"line":149,"column":9},"end":{"line":157,"column":3}},"loc":{"start":{"line":149,"column":9},"end":{"line":157,"column":3}},"line":149},"5":{"name":"listFromRepository","decl":{"start":{"line":159,"column":2},"end":{"line":171,"column":3}},"loc":{"start":{"line":159,"column":2},"end":{"line":171,"column":3}},"line":159},"6":{"name":"listJobsFromRepository","decl":{"start":{"line":173,"column":2},"end":{"line":184,"column":3}},"loc":{"start":{"line":173,"column":2},"end":{"line":184,"column":3}},"line":173},"7":{"name":"processPendingFromRepository","decl":{"start":{"line":186,"column":2},"end":{"line":231,"column":3}},"loc":{"start":{"line":186,"column":2},"end":{"line":231,"column":3}},"line":186},"8":{"name":"processPending","decl":{"start":{"line":233,"column":2},"end":{"line":278,"column":3}},"loc":{"start":{"line":233,"column":2},"end":{"line":278,"column":3}},"line":233},"9":{"name":"#requireAccountId","decl":{"start":{"line":280,"column":2},"end":{"line":282,"column":3}},"loc":{"start":{"line":280,"column":2},"end":{"line":282,"column":3}},"line":280}},"f":{"0":14,"1":14,"2":28,"3":9,"4":2,"5":4,"6":4,"7":3,"8":6,"9":56}}
}
